[2022-07-28 13:47:19,304] {processor.py:153} INFO - Started process (PID=75) to work on /home/airflow/.local/lib/python3.7/site-packages/airflow/example_dags/example_branch_operator_decorator.py
[2022-07-28 13:47:19,304] {processor.py:641} INFO - Processing file /home/airflow/.local/lib/python3.7/site-packages/airflow/example_dags/example_branch_operator_decorator.py for tasks to queue
[2022-07-28 13:47:19,305] {logging_mixin.py:115} INFO - [2022-07-28 13:47:19,305] {dagbag.py:508} INFO - Filling up the DagBag from /home/airflow/.local/lib/python3.7/site-packages/airflow/example_dags/example_branch_operator_decorator.py
[2022-07-28 13:47:19,374] {processor.py:651} INFO - DAG(s) dict_keys(['example_branch_python_operator_decorator']) retrieved from /home/airflow/.local/lib/python3.7/site-packages/airflow/example_dags/example_branch_operator_decorator.py
[2022-07-28 13:47:19,863] {logging_mixin.py:115} INFO - [2022-07-28 13:47:19,863] {manager.py:508} INFO - Created Permission View: can read on DAG:example_branch_python_operator_decorator
[2022-07-28 13:47:19,919] {logging_mixin.py:115} INFO - [2022-07-28 13:47:19,919] {manager.py:508} INFO - Created Permission View: can delete on DAG:example_branch_python_operator_decorator
[2022-07-28 13:47:19,991] {logging_mixin.py:115} INFO - [2022-07-28 13:47:19,991] {manager.py:508} INFO - Created Permission View: can edit on DAG:example_branch_python_operator_decorator
[2022-07-28 13:47:19,991] {logging_mixin.py:115} INFO - [2022-07-28 13:47:19,991] {dag.py:2420} INFO - Sync 1 DAGs
[2022-07-28 13:47:20,032] {logging_mixin.py:115} INFO - [2022-07-28 13:47:20,032] {dag.py:2439} INFO - Creating ORM DAG for example_branch_python_operator_decorator
[2022-07-28 13:47:20,101] {logging_mixin.py:115} INFO - [2022-07-28 13:47:20,101] {dag.py:2972} INFO - Setting next_dagrun for example_branch_python_operator_decorator to 2022-07-27T00:00:00+00:00, run_after=2022-07-28T00:00:00+00:00
[2022-07-28 13:47:20,175] {processor.py:161} INFO - Processing /home/airflow/.local/lib/python3.7/site-packages/airflow/example_dags/example_branch_operator_decorator.py took 0.875 seconds
[2022-07-28 13:47:50,771] {processor.py:153} INFO - Started process (PID=127) to work on /home/airflow/.local/lib/python3.7/site-packages/airflow/example_dags/example_branch_operator_decorator.py
[2022-07-28 13:47:50,773] {processor.py:641} INFO - Processing file /home/airflow/.local/lib/python3.7/site-packages/airflow/example_dags/example_branch_operator_decorator.py for tasks to queue
[2022-07-28 13:47:50,774] {logging_mixin.py:115} INFO - [2022-07-28 13:47:50,774] {dagbag.py:508} INFO - Filling up the DagBag from /home/airflow/.local/lib/python3.7/site-packages/airflow/example_dags/example_branch_operator_decorator.py
[2022-07-28 13:47:50,799] {processor.py:651} INFO - DAG(s) dict_keys(['example_branch_python_operator_decorator']) retrieved from /home/airflow/.local/lib/python3.7/site-packages/airflow/example_dags/example_branch_operator_decorator.py
[2022-07-28 13:47:50,833] {logging_mixin.py:115} INFO - [2022-07-28 13:47:50,833] {dag.py:2420} INFO - Sync 1 DAGs
[2022-07-28 13:47:50,868] {logging_mixin.py:115} INFO - [2022-07-28 13:47:50,868] {dag.py:2972} INFO - Setting next_dagrun for example_branch_python_operator_decorator to 2022-07-27T00:00:00+00:00, run_after=2022-07-28T00:00:00+00:00
[2022-07-28 13:47:50,882] {processor.py:161} INFO - Processing /home/airflow/.local/lib/python3.7/site-packages/airflow/example_dags/example_branch_operator_decorator.py took 0.114 seconds
[2022-07-28 13:48:21,174] {processor.py:153} INFO - Started process (PID=179) to work on /home/airflow/.local/lib/python3.7/site-packages/airflow/example_dags/example_branch_operator_decorator.py
[2022-07-28 13:48:21,175] {processor.py:641} INFO - Processing file /home/airflow/.local/lib/python3.7/site-packages/airflow/example_dags/example_branch_operator_decorator.py for tasks to queue
[2022-07-28 13:48:21,175] {logging_mixin.py:115} INFO - [2022-07-28 13:48:21,175] {dagbag.py:508} INFO - Filling up the DagBag from /home/airflow/.local/lib/python3.7/site-packages/airflow/example_dags/example_branch_operator_decorator.py
[2022-07-28 13:48:21,201] {processor.py:651} INFO - DAG(s) dict_keys(['example_branch_python_operator_decorator']) retrieved from /home/airflow/.local/lib/python3.7/site-packages/airflow/example_dags/example_branch_operator_decorator.py
[2022-07-28 13:48:21,233] {logging_mixin.py:115} INFO - [2022-07-28 13:48:21,233] {dag.py:2420} INFO - Sync 1 DAGs
[2022-07-28 13:48:21,276] {logging_mixin.py:115} INFO - [2022-07-28 13:48:21,276] {dag.py:2972} INFO - Setting next_dagrun for example_branch_python_operator_decorator to 2022-07-27T00:00:00+00:00, run_after=2022-07-28T00:00:00+00:00
[2022-07-28 13:48:21,290] {processor.py:161} INFO - Processing /home/airflow/.local/lib/python3.7/site-packages/airflow/example_dags/example_branch_operator_decorator.py took 0.119 seconds
[2022-07-28 13:48:51,608] {processor.py:153} INFO - Started process (PID=239) to work on /home/airflow/.local/lib/python3.7/site-packages/airflow/example_dags/example_branch_operator_decorator.py
[2022-07-28 13:48:51,610] {processor.py:641} INFO - Processing file /home/airflow/.local/lib/python3.7/site-packages/airflow/example_dags/example_branch_operator_decorator.py for tasks to queue
[2022-07-28 13:48:51,611] {logging_mixin.py:115} INFO - [2022-07-28 13:48:51,611] {dagbag.py:508} INFO - Filling up the DagBag from /home/airflow/.local/lib/python3.7/site-packages/airflow/example_dags/example_branch_operator_decorator.py
[2022-07-28 13:48:51,639] {processor.py:651} INFO - DAG(s) dict_keys(['example_branch_python_operator_decorator']) retrieved from /home/airflow/.local/lib/python3.7/site-packages/airflow/example_dags/example_branch_operator_decorator.py
[2022-07-28 13:48:51,674] {logging_mixin.py:115} INFO - [2022-07-28 13:48:51,674] {dag.py:2420} INFO - Sync 1 DAGs
[2022-07-28 13:48:51,709] {logging_mixin.py:115} INFO - [2022-07-28 13:48:51,709] {dag.py:2972} INFO - Setting next_dagrun for example_branch_python_operator_decorator to 2022-07-27T00:00:00+00:00, run_after=2022-07-28T00:00:00+00:00
[2022-07-28 13:48:51,725] {processor.py:161} INFO - Processing /home/airflow/.local/lib/python3.7/site-packages/airflow/example_dags/example_branch_operator_decorator.py took 0.120 seconds
[2022-07-28 13:49:21,872] {processor.py:153} INFO - Started process (PID=291) to work on /home/airflow/.local/lib/python3.7/site-packages/airflow/example_dags/example_branch_operator_decorator.py
[2022-07-28 13:49:21,882] {processor.py:641} INFO - Processing file /home/airflow/.local/lib/python3.7/site-packages/airflow/example_dags/example_branch_operator_decorator.py for tasks to queue
[2022-07-28 13:49:21,883] {logging_mixin.py:115} INFO - [2022-07-28 13:49:21,883] {dagbag.py:508} INFO - Filling up the DagBag from /home/airflow/.local/lib/python3.7/site-packages/airflow/example_dags/example_branch_operator_decorator.py
[2022-07-28 13:49:21,909] {processor.py:651} INFO - DAG(s) dict_keys(['example_branch_python_operator_decorator']) retrieved from /home/airflow/.local/lib/python3.7/site-packages/airflow/example_dags/example_branch_operator_decorator.py
[2022-07-28 13:49:21,941] {logging_mixin.py:115} INFO - [2022-07-28 13:49:21,941] {dag.py:2420} INFO - Sync 1 DAGs
[2022-07-28 13:49:21,974] {logging_mixin.py:115} INFO - [2022-07-28 13:49:21,974] {dag.py:2972} INFO - Setting next_dagrun for example_branch_python_operator_decorator to 2022-07-27T00:00:00+00:00, run_after=2022-07-28T00:00:00+00:00
[2022-07-28 13:49:21,990] {processor.py:161} INFO - Processing /home/airflow/.local/lib/python3.7/site-packages/airflow/example_dags/example_branch_operator_decorator.py took 0.121 seconds
