[2022-07-28 13:47:21,003] {processor.py:153} INFO - Started process (PID=79) to work on /home/airflow/.local/lib/python3.7/site-packages/airflow/example_dags/example_branch_datetime_operator.py
[2022-07-28 13:47:21,004] {processor.py:641} INFO - Processing file /home/airflow/.local/lib/python3.7/site-packages/airflow/example_dags/example_branch_datetime_operator.py for tasks to queue
[2022-07-28 13:47:21,005] {logging_mixin.py:115} INFO - [2022-07-28 13:47:21,005] {dagbag.py:508} INFO - Filling up the DagBag from /home/airflow/.local/lib/python3.7/site-packages/airflow/example_dags/example_branch_datetime_operator.py
[2022-07-28 13:47:21,048] {processor.py:651} INFO - DAG(s) dict_keys(['example_branch_datetime_operator', 'example_branch_datetime_operator_2']) retrieved from /home/airflow/.local/lib/python3.7/site-packages/airflow/example_dags/example_branch_datetime_operator.py
[2022-07-28 13:47:21,602] {logging_mixin.py:115} INFO - [2022-07-28 13:47:21,602] {manager.py:508} INFO - Created Permission View: can read on DAG:example_branch_datetime_operator
[2022-07-28 13:47:21,629] {logging_mixin.py:115} INFO - [2022-07-28 13:47:21,629] {manager.py:508} INFO - Created Permission View: can delete on DAG:example_branch_datetime_operator
[2022-07-28 13:47:21,647] {logging_mixin.py:115} INFO - [2022-07-28 13:47:21,647] {manager.py:508} INFO - Created Permission View: can edit on DAG:example_branch_datetime_operator
[2022-07-28 13:47:21,696] {logging_mixin.py:115} INFO - [2022-07-28 13:47:21,696] {manager.py:508} INFO - Created Permission View: can read on DAG:example_branch_datetime_operator_2
[2022-07-28 13:47:21,718] {logging_mixin.py:115} INFO - [2022-07-28 13:47:21,718] {manager.py:508} INFO - Created Permission View: can delete on DAG:example_branch_datetime_operator_2
[2022-07-28 13:47:21,849] {logging_mixin.py:115} INFO - [2022-07-28 13:47:21,849] {manager.py:508} INFO - Created Permission View: can edit on DAG:example_branch_datetime_operator_2
[2022-07-28 13:47:21,850] {logging_mixin.py:115} INFO - [2022-07-28 13:47:21,849] {dag.py:2420} INFO - Sync 2 DAGs
[2022-07-28 13:47:21,897] {logging_mixin.py:115} INFO - [2022-07-28 13:47:21,897] {dag.py:2439} INFO - Creating ORM DAG for example_branch_datetime_operator
[2022-07-28 13:47:21,898] {logging_mixin.py:115} INFO - [2022-07-28 13:47:21,898] {dag.py:2439} INFO - Creating ORM DAG for example_branch_datetime_operator_2
[2022-07-28 13:47:22,006] {logging_mixin.py:115} INFO - [2022-07-28 13:47:22,006] {dag.py:2972} INFO - Setting next_dagrun for example_branch_datetime_operator to 2022-07-27T00:00:00+00:00, run_after=2022-07-28T00:00:00+00:00
[2022-07-28 13:47:22,013] {logging_mixin.py:115} INFO - [2022-07-28 13:47:22,013] {dag.py:2972} INFO - Setting next_dagrun for example_branch_datetime_operator_2 to 2022-07-27T00:00:00+00:00, run_after=2022-07-28T00:00:00+00:00
[2022-07-28 13:47:22,143] {processor.py:161} INFO - Processing /home/airflow/.local/lib/python3.7/site-packages/airflow/example_dags/example_branch_datetime_operator.py took 1.144 seconds
[2022-07-28 13:47:53,038] {processor.py:153} INFO - Started process (PID=131) to work on /home/airflow/.local/lib/python3.7/site-packages/airflow/example_dags/example_branch_datetime_operator.py
[2022-07-28 13:47:53,039] {processor.py:641} INFO - Processing file /home/airflow/.local/lib/python3.7/site-packages/airflow/example_dags/example_branch_datetime_operator.py for tasks to queue
[2022-07-28 13:47:53,040] {logging_mixin.py:115} INFO - [2022-07-28 13:47:53,039] {dagbag.py:508} INFO - Filling up the DagBag from /home/airflow/.local/lib/python3.7/site-packages/airflow/example_dags/example_branch_datetime_operator.py
[2022-07-28 13:47:53,052] {processor.py:651} INFO - DAG(s) dict_keys(['example_branch_datetime_operator', 'example_branch_datetime_operator_2']) retrieved from /home/airflow/.local/lib/python3.7/site-packages/airflow/example_dags/example_branch_datetime_operator.py
[2022-07-28 13:47:53,086] {logging_mixin.py:115} INFO - [2022-07-28 13:47:53,086] {dag.py:2420} INFO - Sync 2 DAGs
[2022-07-28 13:47:53,119] {logging_mixin.py:115} INFO - [2022-07-28 13:47:53,119] {dag.py:2972} INFO - Setting next_dagrun for example_branch_datetime_operator to 2022-07-27T00:00:00+00:00, run_after=2022-07-28T00:00:00+00:00
[2022-07-28 13:47:53,122] {logging_mixin.py:115} INFO - [2022-07-28 13:47:53,122] {dag.py:2972} INFO - Setting next_dagrun for example_branch_datetime_operator_2 to 2022-07-27T00:00:00+00:00, run_after=2022-07-28T00:00:00+00:00
[2022-07-28 13:47:53,136] {processor.py:161} INFO - Processing /home/airflow/.local/lib/python3.7/site-packages/airflow/example_dags/example_branch_datetime_operator.py took 0.103 seconds
[2022-07-28 13:48:23,422] {processor.py:153} INFO - Started process (PID=189) to work on /home/airflow/.local/lib/python3.7/site-packages/airflow/example_dags/example_branch_datetime_operator.py
[2022-07-28 13:48:23,423] {processor.py:641} INFO - Processing file /home/airflow/.local/lib/python3.7/site-packages/airflow/example_dags/example_branch_datetime_operator.py for tasks to queue
[2022-07-28 13:48:23,423] {logging_mixin.py:115} INFO - [2022-07-28 13:48:23,423] {dagbag.py:508} INFO - Filling up the DagBag from /home/airflow/.local/lib/python3.7/site-packages/airflow/example_dags/example_branch_datetime_operator.py
[2022-07-28 13:48:23,436] {processor.py:651} INFO - DAG(s) dict_keys(['example_branch_datetime_operator', 'example_branch_datetime_operator_2']) retrieved from /home/airflow/.local/lib/python3.7/site-packages/airflow/example_dags/example_branch_datetime_operator.py
[2022-07-28 13:48:23,491] {logging_mixin.py:115} INFO - [2022-07-28 13:48:23,490] {dag.py:2420} INFO - Sync 2 DAGs
[2022-07-28 13:48:23,525] {logging_mixin.py:115} INFO - [2022-07-28 13:48:23,525] {dag.py:2972} INFO - Setting next_dagrun for example_branch_datetime_operator to 2022-07-27T00:00:00+00:00, run_after=2022-07-28T00:00:00+00:00
[2022-07-28 13:48:23,528] {logging_mixin.py:115} INFO - [2022-07-28 13:48:23,528] {dag.py:2972} INFO - Setting next_dagrun for example_branch_datetime_operator_2 to 2022-07-27T00:00:00+00:00, run_after=2022-07-28T00:00:00+00:00
[2022-07-28 13:48:23,543] {processor.py:161} INFO - Processing /home/airflow/.local/lib/python3.7/site-packages/airflow/example_dags/example_branch_datetime_operator.py took 0.124 seconds
[2022-07-28 13:48:53,886] {processor.py:153} INFO - Started process (PID=243) to work on /home/airflow/.local/lib/python3.7/site-packages/airflow/example_dags/example_branch_datetime_operator.py
[2022-07-28 13:48:53,899] {processor.py:641} INFO - Processing file /home/airflow/.local/lib/python3.7/site-packages/airflow/example_dags/example_branch_datetime_operator.py for tasks to queue
[2022-07-28 13:48:53,900] {logging_mixin.py:115} INFO - [2022-07-28 13:48:53,900] {dagbag.py:508} INFO - Filling up the DagBag from /home/airflow/.local/lib/python3.7/site-packages/airflow/example_dags/example_branch_datetime_operator.py
[2022-07-28 13:48:53,912] {processor.py:651} INFO - DAG(s) dict_keys(['example_branch_datetime_operator', 'example_branch_datetime_operator_2']) retrieved from /home/airflow/.local/lib/python3.7/site-packages/airflow/example_dags/example_branch_datetime_operator.py
[2022-07-28 13:48:53,947] {logging_mixin.py:115} INFO - [2022-07-28 13:48:53,947] {dag.py:2420} INFO - Sync 2 DAGs
[2022-07-28 13:48:53,993] {logging_mixin.py:115} INFO - [2022-07-28 13:48:53,993] {dag.py:2972} INFO - Setting next_dagrun for example_branch_datetime_operator to 2022-07-27T00:00:00+00:00, run_after=2022-07-28T00:00:00+00:00
[2022-07-28 13:48:53,998] {logging_mixin.py:115} INFO - [2022-07-28 13:48:53,998] {dag.py:2972} INFO - Setting next_dagrun for example_branch_datetime_operator_2 to 2022-07-27T00:00:00+00:00, run_after=2022-07-28T00:00:00+00:00
[2022-07-28 13:48:54,015] {processor.py:161} INFO - Processing /home/airflow/.local/lib/python3.7/site-packages/airflow/example_dags/example_branch_datetime_operator.py took 0.135 seconds
[2022-07-28 13:49:24,092] {processor.py:153} INFO - Started process (PID=295) to work on /home/airflow/.local/lib/python3.7/site-packages/airflow/example_dags/example_branch_datetime_operator.py
[2022-07-28 13:49:24,093] {processor.py:641} INFO - Processing file /home/airflow/.local/lib/python3.7/site-packages/airflow/example_dags/example_branch_datetime_operator.py for tasks to queue
[2022-07-28 13:49:24,093] {logging_mixin.py:115} INFO - [2022-07-28 13:49:24,093] {dagbag.py:508} INFO - Filling up the DagBag from /home/airflow/.local/lib/python3.7/site-packages/airflow/example_dags/example_branch_datetime_operator.py
[2022-07-28 13:49:24,105] {processor.py:651} INFO - DAG(s) dict_keys(['example_branch_datetime_operator', 'example_branch_datetime_operator_2']) retrieved from /home/airflow/.local/lib/python3.7/site-packages/airflow/example_dags/example_branch_datetime_operator.py
[2022-07-28 13:49:24,141] {logging_mixin.py:115} INFO - [2022-07-28 13:49:24,141] {dag.py:2420} INFO - Sync 2 DAGs
[2022-07-28 13:49:24,203] {logging_mixin.py:115} INFO - [2022-07-28 13:49:24,203] {dag.py:2972} INFO - Setting next_dagrun for example_branch_datetime_operator to 2022-07-27T00:00:00+00:00, run_after=2022-07-28T00:00:00+00:00
[2022-07-28 13:49:24,207] {logging_mixin.py:115} INFO - [2022-07-28 13:49:24,207] {dag.py:2972} INFO - Setting next_dagrun for example_branch_datetime_operator_2 to 2022-07-27T00:00:00+00:00, run_after=2022-07-28T00:00:00+00:00
[2022-07-28 13:49:24,247] {processor.py:161} INFO - Processing /home/airflow/.local/lib/python3.7/site-packages/airflow/example_dags/example_branch_datetime_operator.py took 0.158 seconds
