[2022-07-28 13:47:15,364] {processor.py:153} INFO - Started process (PID=56) to work on /home/airflow/.local/lib/python3.7/site-packages/airflow/example_dags/example_short_circuit_operator.py
[2022-07-28 13:47:15,365] {processor.py:641} INFO - Processing file /home/airflow/.local/lib/python3.7/site-packages/airflow/example_dags/example_short_circuit_operator.py for tasks to queue
[2022-07-28 13:47:15,368] {logging_mixin.py:115} INFO - [2022-07-28 13:47:15,368] {dagbag.py:508} INFO - Filling up the DagBag from /home/airflow/.local/lib/python3.7/site-packages/airflow/example_dags/example_short_circuit_operator.py
[2022-07-28 13:47:15,417] {processor.py:651} INFO - DAG(s) dict_keys(['example_short_circuit_operator']) retrieved from /home/airflow/.local/lib/python3.7/site-packages/airflow/example_dags/example_short_circuit_operator.py
[2022-07-28 13:47:15,749] {logging_mixin.py:115} INFO - [2022-07-28 13:47:15,749] {manager.py:508} INFO - Created Permission View: can read on DAG:example_short_circuit_operator
[2022-07-28 13:47:15,772] {logging_mixin.py:115} INFO - [2022-07-28 13:47:15,772] {manager.py:508} INFO - Created Permission View: can delete on DAG:example_short_circuit_operator
[2022-07-28 13:47:15,783] {logging_mixin.py:115} INFO - [2022-07-28 13:47:15,782] {manager.py:508} INFO - Created Permission View: can edit on DAG:example_short_circuit_operator
[2022-07-28 13:47:15,783] {logging_mixin.py:115} INFO - [2022-07-28 13:47:15,783] {dag.py:2420} INFO - Sync 1 DAGs
[2022-07-28 13:47:15,798] {logging_mixin.py:115} INFO - [2022-07-28 13:47:15,798] {dag.py:2439} INFO - Creating ORM DAG for example_short_circuit_operator
[2022-07-28 13:47:15,818] {logging_mixin.py:115} INFO - [2022-07-28 13:47:15,818] {dag.py:2972} INFO - Setting next_dagrun for example_short_circuit_operator to 2022-07-27T13:47:15.818153+00:00, run_after=2022-07-28T13:47:15.818153+00:00
[2022-07-28 13:47:15,838] {processor.py:161} INFO - Processing /home/airflow/.local/lib/python3.7/site-packages/airflow/example_dags/example_short_circuit_operator.py took 0.478 seconds
[2022-07-28 13:47:45,940] {processor.py:153} INFO - Started process (PID=108) to work on /home/airflow/.local/lib/python3.7/site-packages/airflow/example_dags/example_short_circuit_operator.py
[2022-07-28 13:47:45,940] {processor.py:641} INFO - Processing file /home/airflow/.local/lib/python3.7/site-packages/airflow/example_dags/example_short_circuit_operator.py for tasks to queue
[2022-07-28 13:47:45,941] {logging_mixin.py:115} INFO - [2022-07-28 13:47:45,941] {dagbag.py:508} INFO - Filling up the DagBag from /home/airflow/.local/lib/python3.7/site-packages/airflow/example_dags/example_short_circuit_operator.py
[2022-07-28 13:47:45,953] {processor.py:651} INFO - DAG(s) dict_keys(['example_short_circuit_operator']) retrieved from /home/airflow/.local/lib/python3.7/site-packages/airflow/example_dags/example_short_circuit_operator.py
[2022-07-28 13:47:45,987] {logging_mixin.py:115} INFO - [2022-07-28 13:47:45,987] {dag.py:2420} INFO - Sync 1 DAGs
[2022-07-28 13:47:46,018] {logging_mixin.py:115} INFO - [2022-07-28 13:47:46,017] {dag.py:2972} INFO - Setting next_dagrun for example_short_circuit_operator to 2022-07-27T13:47:46.017740+00:00, run_after=2022-07-28T13:47:46.017740+00:00
[2022-07-28 13:47:46,032] {processor.py:161} INFO - Processing /home/airflow/.local/lib/python3.7/site-packages/airflow/example_dags/example_short_circuit_operator.py took 0.096 seconds
[2022-07-28 13:48:16,436] {processor.py:153} INFO - Started process (PID=168) to work on /home/airflow/.local/lib/python3.7/site-packages/airflow/example_dags/example_short_circuit_operator.py
[2022-07-28 13:48:16,438] {processor.py:641} INFO - Processing file /home/airflow/.local/lib/python3.7/site-packages/airflow/example_dags/example_short_circuit_operator.py for tasks to queue
[2022-07-28 13:48:16,439] {logging_mixin.py:115} INFO - [2022-07-28 13:48:16,439] {dagbag.py:508} INFO - Filling up the DagBag from /home/airflow/.local/lib/python3.7/site-packages/airflow/example_dags/example_short_circuit_operator.py
[2022-07-28 13:48:16,453] {processor.py:651} INFO - DAG(s) dict_keys(['example_short_circuit_operator']) retrieved from /home/airflow/.local/lib/python3.7/site-packages/airflow/example_dags/example_short_circuit_operator.py
[2022-07-28 13:48:16,499] {logging_mixin.py:115} INFO - [2022-07-28 13:48:16,498] {dag.py:2420} INFO - Sync 1 DAGs
[2022-07-28 13:48:16,537] {logging_mixin.py:115} INFO - [2022-07-28 13:48:16,537] {dag.py:2972} INFO - Setting next_dagrun for example_short_circuit_operator to 2022-07-27T13:48:16.537368+00:00, run_after=2022-07-28T13:48:16.537368+00:00
[2022-07-28 13:48:16,559] {processor.py:161} INFO - Processing /home/airflow/.local/lib/python3.7/site-packages/airflow/example_dags/example_short_circuit_operator.py took 0.127 seconds
[2022-07-28 13:48:46,798] {processor.py:153} INFO - Started process (PID=220) to work on /home/airflow/.local/lib/python3.7/site-packages/airflow/example_dags/example_short_circuit_operator.py
[2022-07-28 13:48:46,799] {processor.py:641} INFO - Processing file /home/airflow/.local/lib/python3.7/site-packages/airflow/example_dags/example_short_circuit_operator.py for tasks to queue
[2022-07-28 13:48:46,799] {logging_mixin.py:115} INFO - [2022-07-28 13:48:46,799] {dagbag.py:508} INFO - Filling up the DagBag from /home/airflow/.local/lib/python3.7/site-packages/airflow/example_dags/example_short_circuit_operator.py
[2022-07-28 13:48:46,812] {processor.py:651} INFO - DAG(s) dict_keys(['example_short_circuit_operator']) retrieved from /home/airflow/.local/lib/python3.7/site-packages/airflow/example_dags/example_short_circuit_operator.py
[2022-07-28 13:48:46,849] {logging_mixin.py:115} INFO - [2022-07-28 13:48:46,849] {dag.py:2420} INFO - Sync 1 DAGs
[2022-07-28 13:48:46,883] {logging_mixin.py:115} INFO - [2022-07-28 13:48:46,882] {dag.py:2972} INFO - Setting next_dagrun for example_short_circuit_operator to 2022-07-27T13:48:46.882698+00:00, run_after=2022-07-28T13:48:46.882698+00:00
[2022-07-28 13:48:46,899] {processor.py:161} INFO - Processing /home/airflow/.local/lib/python3.7/site-packages/airflow/example_dags/example_short_circuit_operator.py took 0.105 seconds
[2022-07-28 13:49:17,177] {processor.py:153} INFO - Started process (PID=281) to work on /home/airflow/.local/lib/python3.7/site-packages/airflow/example_dags/example_short_circuit_operator.py
[2022-07-28 13:49:17,178] {processor.py:641} INFO - Processing file /home/airflow/.local/lib/python3.7/site-packages/airflow/example_dags/example_short_circuit_operator.py for tasks to queue
[2022-07-28 13:49:17,178] {logging_mixin.py:115} INFO - [2022-07-28 13:49:17,178] {dagbag.py:508} INFO - Filling up the DagBag from /home/airflow/.local/lib/python3.7/site-packages/airflow/example_dags/example_short_circuit_operator.py
[2022-07-28 13:49:17,190] {processor.py:651} INFO - DAG(s) dict_keys(['example_short_circuit_operator']) retrieved from /home/airflow/.local/lib/python3.7/site-packages/airflow/example_dags/example_short_circuit_operator.py
[2022-07-28 13:49:17,230] {logging_mixin.py:115} INFO - [2022-07-28 13:49:17,230] {dag.py:2420} INFO - Sync 1 DAGs
[2022-07-28 13:49:17,263] {logging_mixin.py:115} INFO - [2022-07-28 13:49:17,263] {dag.py:2972} INFO - Setting next_dagrun for example_short_circuit_operator to 2022-07-27T13:49:17.263321+00:00, run_after=2022-07-28T13:49:17.263321+00:00
[2022-07-28 13:49:17,278] {processor.py:161} INFO - Processing /home/airflow/.local/lib/python3.7/site-packages/airflow/example_dags/example_short_circuit_operator.py took 0.105 seconds
