[2022-07-28 13:47:12,591] {processor.py:153} INFO - Started process (PID=44) to work on /home/airflow/.local/lib/python3.7/site-packages/airflow/example_dags/example_branch_day_of_week_operator.py
[2022-07-28 13:47:12,591] {processor.py:641} INFO - Processing file /home/airflow/.local/lib/python3.7/site-packages/airflow/example_dags/example_branch_day_of_week_operator.py for tasks to queue
[2022-07-28 13:47:12,592] {logging_mixin.py:115} INFO - [2022-07-28 13:47:12,592] {dagbag.py:508} INFO - Filling up the DagBag from /home/airflow/.local/lib/python3.7/site-packages/airflow/example_dags/example_branch_day_of_week_operator.py
[2022-07-28 13:47:12,617] {processor.py:651} INFO - DAG(s) dict_keys(['example_weekday_branch_operator']) retrieved from /home/airflow/.local/lib/python3.7/site-packages/airflow/example_dags/example_branch_day_of_week_operator.py
[2022-07-28 13:47:12,818] {logging_mixin.py:115} INFO - [2022-07-28 13:47:12,817] {manager.py:508} INFO - Created Permission View: can read on DAG:example_weekday_branch_operator
[2022-07-28 13:47:12,834] {logging_mixin.py:115} INFO - [2022-07-28 13:47:12,834] {manager.py:508} INFO - Created Permission View: can delete on DAG:example_weekday_branch_operator
[2022-07-28 13:47:12,844] {logging_mixin.py:115} INFO - [2022-07-28 13:47:12,844] {manager.py:508} INFO - Created Permission View: can edit on DAG:example_weekday_branch_operator
[2022-07-28 13:47:12,844] {logging_mixin.py:115} INFO - [2022-07-28 13:47:12,844] {dag.py:2420} INFO - Sync 1 DAGs
[2022-07-28 13:47:12,857] {logging_mixin.py:115} INFO - [2022-07-28 13:47:12,857] {dag.py:2439} INFO - Creating ORM DAG for example_weekday_branch_operator
[2022-07-28 13:47:12,886] {logging_mixin.py:115} INFO - [2022-07-28 13:47:12,886] {dag.py:2972} INFO - Setting next_dagrun for example_weekday_branch_operator to 2022-07-27T00:00:00+00:00, run_after=2022-07-28T00:00:00+00:00
[2022-07-28 13:47:12,993] {processor.py:161} INFO - Processing /home/airflow/.local/lib/python3.7/site-packages/airflow/example_dags/example_branch_day_of_week_operator.py took 0.435 seconds
[2022-07-28 13:47:43,133] {processor.py:153} INFO - Started process (PID=96) to work on /home/airflow/.local/lib/python3.7/site-packages/airflow/example_dags/example_branch_day_of_week_operator.py
[2022-07-28 13:47:43,134] {processor.py:641} INFO - Processing file /home/airflow/.local/lib/python3.7/site-packages/airflow/example_dags/example_branch_day_of_week_operator.py for tasks to queue
[2022-07-28 13:47:43,134] {logging_mixin.py:115} INFO - [2022-07-28 13:47:43,134] {dagbag.py:508} INFO - Filling up the DagBag from /home/airflow/.local/lib/python3.7/site-packages/airflow/example_dags/example_branch_day_of_week_operator.py
[2022-07-28 13:47:43,145] {processor.py:651} INFO - DAG(s) dict_keys(['example_weekday_branch_operator']) retrieved from /home/airflow/.local/lib/python3.7/site-packages/airflow/example_dags/example_branch_day_of_week_operator.py
[2022-07-28 13:47:43,173] {logging_mixin.py:115} INFO - [2022-07-28 13:47:43,173] {dag.py:2420} INFO - Sync 1 DAGs
[2022-07-28 13:47:43,207] {logging_mixin.py:115} INFO - [2022-07-28 13:47:43,207] {dag.py:2972} INFO - Setting next_dagrun for example_weekday_branch_operator to 2022-07-27T00:00:00+00:00, run_after=2022-07-28T00:00:00+00:00
[2022-07-28 13:47:43,222] {processor.py:161} INFO - Processing /home/airflow/.local/lib/python3.7/site-packages/airflow/example_dags/example_branch_day_of_week_operator.py took 0.092 seconds
[2022-07-28 13:48:13,593] {processor.py:153} INFO - Started process (PID=157) to work on /home/airflow/.local/lib/python3.7/site-packages/airflow/example_dags/example_branch_day_of_week_operator.py
[2022-07-28 13:48:13,594] {processor.py:641} INFO - Processing file /home/airflow/.local/lib/python3.7/site-packages/airflow/example_dags/example_branch_day_of_week_operator.py for tasks to queue
[2022-07-28 13:48:13,594] {logging_mixin.py:115} INFO - [2022-07-28 13:48:13,594] {dagbag.py:508} INFO - Filling up the DagBag from /home/airflow/.local/lib/python3.7/site-packages/airflow/example_dags/example_branch_day_of_week_operator.py
[2022-07-28 13:48:13,605] {processor.py:651} INFO - DAG(s) dict_keys(['example_weekday_branch_operator']) retrieved from /home/airflow/.local/lib/python3.7/site-packages/airflow/example_dags/example_branch_day_of_week_operator.py
[2022-07-28 13:48:13,636] {logging_mixin.py:115} INFO - [2022-07-28 13:48:13,636] {dag.py:2420} INFO - Sync 1 DAGs
[2022-07-28 13:48:13,671] {logging_mixin.py:115} INFO - [2022-07-28 13:48:13,671] {dag.py:2972} INFO - Setting next_dagrun for example_weekday_branch_operator to 2022-07-27T00:00:00+00:00, run_after=2022-07-28T00:00:00+00:00
[2022-07-28 13:48:13,690] {processor.py:161} INFO - Processing /home/airflow/.local/lib/python3.7/site-packages/airflow/example_dags/example_branch_day_of_week_operator.py took 0.100 seconds
[2022-07-28 13:48:43,891] {processor.py:153} INFO - Started process (PID=208) to work on /home/airflow/.local/lib/python3.7/site-packages/airflow/example_dags/example_branch_day_of_week_operator.py
[2022-07-28 13:48:43,892] {processor.py:641} INFO - Processing file /home/airflow/.local/lib/python3.7/site-packages/airflow/example_dags/example_branch_day_of_week_operator.py for tasks to queue
[2022-07-28 13:48:43,893] {logging_mixin.py:115} INFO - [2022-07-28 13:48:43,892] {dagbag.py:508} INFO - Filling up the DagBag from /home/airflow/.local/lib/python3.7/site-packages/airflow/example_dags/example_branch_day_of_week_operator.py
[2022-07-28 13:48:43,912] {processor.py:651} INFO - DAG(s) dict_keys(['example_weekday_branch_operator']) retrieved from /home/airflow/.local/lib/python3.7/site-packages/airflow/example_dags/example_branch_day_of_week_operator.py
[2022-07-28 13:48:43,953] {logging_mixin.py:115} INFO - [2022-07-28 13:48:43,953] {dag.py:2420} INFO - Sync 1 DAGs
[2022-07-28 13:48:43,994] {logging_mixin.py:115} INFO - [2022-07-28 13:48:43,994] {dag.py:2972} INFO - Setting next_dagrun for example_weekday_branch_operator to 2022-07-27T00:00:00+00:00, run_after=2022-07-28T00:00:00+00:00
[2022-07-28 13:48:44,007] {processor.py:161} INFO - Processing /home/airflow/.local/lib/python3.7/site-packages/airflow/example_dags/example_branch_day_of_week_operator.py took 0.124 seconds
[2022-07-28 13:49:14,336] {processor.py:153} INFO - Started process (PID=269) to work on /home/airflow/.local/lib/python3.7/site-packages/airflow/example_dags/example_branch_day_of_week_operator.py
[2022-07-28 13:49:14,337] {processor.py:641} INFO - Processing file /home/airflow/.local/lib/python3.7/site-packages/airflow/example_dags/example_branch_day_of_week_operator.py for tasks to queue
[2022-07-28 13:49:14,337] {logging_mixin.py:115} INFO - [2022-07-28 13:49:14,337] {dagbag.py:508} INFO - Filling up the DagBag from /home/airflow/.local/lib/python3.7/site-packages/airflow/example_dags/example_branch_day_of_week_operator.py
[2022-07-28 13:49:14,348] {processor.py:651} INFO - DAG(s) dict_keys(['example_weekday_branch_operator']) retrieved from /home/airflow/.local/lib/python3.7/site-packages/airflow/example_dags/example_branch_day_of_week_operator.py
[2022-07-28 13:49:14,383] {logging_mixin.py:115} INFO - [2022-07-28 13:49:14,383] {dag.py:2420} INFO - Sync 1 DAGs
[2022-07-28 13:49:14,431] {logging_mixin.py:115} INFO - [2022-07-28 13:49:14,431] {dag.py:2972} INFO - Setting next_dagrun for example_weekday_branch_operator to 2022-07-27T00:00:00+00:00, run_after=2022-07-28T00:00:00+00:00
[2022-07-28 13:49:14,453] {processor.py:161} INFO - Processing /home/airflow/.local/lib/python3.7/site-packages/airflow/example_dags/example_branch_day_of_week_operator.py took 0.121 seconds
[2022-07-28 13:49:44,635] {processor.py:153} INFO - Started process (PID=320) to work on /home/airflow/.local/lib/python3.7/site-packages/airflow/example_dags/example_branch_day_of_week_operator.py
[2022-07-28 13:49:44,637] {processor.py:641} INFO - Processing file /home/airflow/.local/lib/python3.7/site-packages/airflow/example_dags/example_branch_day_of_week_operator.py for tasks to queue
[2022-07-28 13:49:44,637] {logging_mixin.py:115} INFO - [2022-07-28 13:49:44,637] {dagbag.py:508} INFO - Filling up the DagBag from /home/airflow/.local/lib/python3.7/site-packages/airflow/example_dags/example_branch_day_of_week_operator.py
[2022-07-28 13:49:44,653] {processor.py:651} INFO - DAG(s) dict_keys(['example_weekday_branch_operator']) retrieved from /home/airflow/.local/lib/python3.7/site-packages/airflow/example_dags/example_branch_day_of_week_operator.py
[2022-07-28 13:49:44,707] {logging_mixin.py:115} INFO - [2022-07-28 13:49:44,707] {dag.py:2420} INFO - Sync 1 DAGs
[2022-07-28 13:49:44,744] {logging_mixin.py:115} INFO - [2022-07-28 13:49:44,743] {dag.py:2972} INFO - Setting next_dagrun for example_weekday_branch_operator to 2022-07-27T00:00:00+00:00, run_after=2022-07-28T00:00:00+00:00
[2022-07-28 13:49:44,777] {processor.py:161} INFO - Processing /home/airflow/.local/lib/python3.7/site-packages/airflow/example_dags/example_branch_day_of_week_operator.py took 0.145 seconds
