[2022-07-28 13:47:19,193] {processor.py:153} INFO - Started process (PID=74) to work on /home/airflow/.local/lib/python3.7/site-packages/airflow/example_dags/example_nested_branch_dag.py
[2022-07-28 13:47:19,194] {processor.py:641} INFO - Processing file /home/airflow/.local/lib/python3.7/site-packages/airflow/example_dags/example_nested_branch_dag.py for tasks to queue
[2022-07-28 13:47:19,194] {logging_mixin.py:115} INFO - [2022-07-28 13:47:19,194] {dagbag.py:508} INFO - Filling up the DagBag from /home/airflow/.local/lib/python3.7/site-packages/airflow/example_dags/example_nested_branch_dag.py
[2022-07-28 13:47:19,226] {processor.py:651} INFO - DAG(s) dict_keys(['example_nested_branch_dag']) retrieved from /home/airflow/.local/lib/python3.7/site-packages/airflow/example_dags/example_nested_branch_dag.py
[2022-07-28 13:47:19,612] {logging_mixin.py:115} INFO - [2022-07-28 13:47:19,612] {manager.py:508} INFO - Created Permission View: can read on DAG:example_nested_branch_dag
[2022-07-28 13:47:19,640] {logging_mixin.py:115} INFO - [2022-07-28 13:47:19,640] {manager.py:508} INFO - Created Permission View: can delete on DAG:example_nested_branch_dag
[2022-07-28 13:47:19,672] {logging_mixin.py:115} INFO - [2022-07-28 13:47:19,671] {manager.py:508} INFO - Created Permission View: can edit on DAG:example_nested_branch_dag
[2022-07-28 13:47:19,672] {logging_mixin.py:115} INFO - [2022-07-28 13:47:19,672] {dag.py:2420} INFO - Sync 1 DAGs
[2022-07-28 13:47:19,732] {logging_mixin.py:115} INFO - [2022-07-28 13:47:19,732] {dag.py:2439} INFO - Creating ORM DAG for example_nested_branch_dag
[2022-07-28 13:47:19,796] {logging_mixin.py:115} INFO - [2022-07-28 13:47:19,796] {dag.py:2972} INFO - Setting next_dagrun for example_nested_branch_dag to 2022-07-27T00:00:00+00:00, run_after=2022-07-28T00:00:00+00:00
[2022-07-28 13:47:19,887] {processor.py:161} INFO - Processing /home/airflow/.local/lib/python3.7/site-packages/airflow/example_dags/example_nested_branch_dag.py took 0.698 seconds
[2022-07-28 13:47:50,768] {processor.py:153} INFO - Started process (PID=126) to work on /home/airflow/.local/lib/python3.7/site-packages/airflow/example_dags/example_nested_branch_dag.py
[2022-07-28 13:47:50,773] {processor.py:641} INFO - Processing file /home/airflow/.local/lib/python3.7/site-packages/airflow/example_dags/example_nested_branch_dag.py for tasks to queue
[2022-07-28 13:47:50,774] {logging_mixin.py:115} INFO - [2022-07-28 13:47:50,774] {dagbag.py:508} INFO - Filling up the DagBag from /home/airflow/.local/lib/python3.7/site-packages/airflow/example_dags/example_nested_branch_dag.py
[2022-07-28 13:47:50,787] {processor.py:651} INFO - DAG(s) dict_keys(['example_nested_branch_dag']) retrieved from /home/airflow/.local/lib/python3.7/site-packages/airflow/example_dags/example_nested_branch_dag.py
[2022-07-28 13:47:50,822] {logging_mixin.py:115} INFO - [2022-07-28 13:47:50,822] {dag.py:2420} INFO - Sync 1 DAGs
[2022-07-28 13:47:50,857] {logging_mixin.py:115} INFO - [2022-07-28 13:47:50,857] {dag.py:2972} INFO - Setting next_dagrun for example_nested_branch_dag to 2022-07-27T00:00:00+00:00, run_after=2022-07-28T00:00:00+00:00
[2022-07-28 13:47:50,875] {processor.py:161} INFO - Processing /home/airflow/.local/lib/python3.7/site-packages/airflow/example_dags/example_nested_branch_dag.py took 0.110 seconds
[2022-07-28 13:48:21,172] {processor.py:153} INFO - Started process (PID=178) to work on /home/airflow/.local/lib/python3.7/site-packages/airflow/example_dags/example_nested_branch_dag.py
[2022-07-28 13:48:21,172] {processor.py:641} INFO - Processing file /home/airflow/.local/lib/python3.7/site-packages/airflow/example_dags/example_nested_branch_dag.py for tasks to queue
[2022-07-28 13:48:21,173] {logging_mixin.py:115} INFO - [2022-07-28 13:48:21,173] {dagbag.py:508} INFO - Filling up the DagBag from /home/airflow/.local/lib/python3.7/site-packages/airflow/example_dags/example_nested_branch_dag.py
[2022-07-28 13:48:21,186] {processor.py:651} INFO - DAG(s) dict_keys(['example_nested_branch_dag']) retrieved from /home/airflow/.local/lib/python3.7/site-packages/airflow/example_dags/example_nested_branch_dag.py
[2022-07-28 13:48:21,218] {logging_mixin.py:115} INFO - [2022-07-28 13:48:21,218] {dag.py:2420} INFO - Sync 1 DAGs
[2022-07-28 13:48:21,254] {logging_mixin.py:115} INFO - [2022-07-28 13:48:21,254] {dag.py:2972} INFO - Setting next_dagrun for example_nested_branch_dag to 2022-07-27T00:00:00+00:00, run_after=2022-07-28T00:00:00+00:00
[2022-07-28 13:48:21,269] {processor.py:161} INFO - Processing /home/airflow/.local/lib/python3.7/site-packages/airflow/example_dags/example_nested_branch_dag.py took 0.101 seconds
[2022-07-28 13:48:51,605] {processor.py:153} INFO - Started process (PID=238) to work on /home/airflow/.local/lib/python3.7/site-packages/airflow/example_dags/example_nested_branch_dag.py
[2022-07-28 13:48:51,610] {processor.py:641} INFO - Processing file /home/airflow/.local/lib/python3.7/site-packages/airflow/example_dags/example_nested_branch_dag.py for tasks to queue
[2022-07-28 13:48:51,611] {logging_mixin.py:115} INFO - [2022-07-28 13:48:51,611] {dagbag.py:508} INFO - Filling up the DagBag from /home/airflow/.local/lib/python3.7/site-packages/airflow/example_dags/example_nested_branch_dag.py
[2022-07-28 13:48:51,625] {processor.py:651} INFO - DAG(s) dict_keys(['example_nested_branch_dag']) retrieved from /home/airflow/.local/lib/python3.7/site-packages/airflow/example_dags/example_nested_branch_dag.py
[2022-07-28 13:48:51,657] {logging_mixin.py:115} INFO - [2022-07-28 13:48:51,657] {dag.py:2420} INFO - Sync 1 DAGs
[2022-07-28 13:48:51,695] {logging_mixin.py:115} INFO - [2022-07-28 13:48:51,695] {dag.py:2972} INFO - Setting next_dagrun for example_nested_branch_dag to 2022-07-27T00:00:00+00:00, run_after=2022-07-28T00:00:00+00:00
[2022-07-28 13:48:51,709] {processor.py:161} INFO - Processing /home/airflow/.local/lib/python3.7/site-packages/airflow/example_dags/example_nested_branch_dag.py took 0.107 seconds
[2022-07-28 13:49:21,870] {processor.py:153} INFO - Started process (PID=290) to work on /home/airflow/.local/lib/python3.7/site-packages/airflow/example_dags/example_nested_branch_dag.py
[2022-07-28 13:49:21,882] {processor.py:641} INFO - Processing file /home/airflow/.local/lib/python3.7/site-packages/airflow/example_dags/example_nested_branch_dag.py for tasks to queue
[2022-07-28 13:49:21,883] {logging_mixin.py:115} INFO - [2022-07-28 13:49:21,883] {dagbag.py:508} INFO - Filling up the DagBag from /home/airflow/.local/lib/python3.7/site-packages/airflow/example_dags/example_nested_branch_dag.py
[2022-07-28 13:49:21,896] {processor.py:651} INFO - DAG(s) dict_keys(['example_nested_branch_dag']) retrieved from /home/airflow/.local/lib/python3.7/site-packages/airflow/example_dags/example_nested_branch_dag.py
[2022-07-28 13:49:21,927] {logging_mixin.py:115} INFO - [2022-07-28 13:49:21,927] {dag.py:2420} INFO - Sync 1 DAGs
[2022-07-28 13:49:21,960] {logging_mixin.py:115} INFO - [2022-07-28 13:49:21,960] {dag.py:2972} INFO - Setting next_dagrun for example_nested_branch_dag to 2022-07-27T00:00:00+00:00, run_after=2022-07-28T00:00:00+00:00
[2022-07-28 13:49:21,974] {processor.py:161} INFO - Processing /home/airflow/.local/lib/python3.7/site-packages/airflow/example_dags/example_nested_branch_dag.py took 0.108 seconds
