[2022-07-28 13:47:13,708] {processor.py:153} INFO - Started process (PID=49) to work on /home/airflow/.local/lib/python3.7/site-packages/airflow/example_dags/example_branch_operator.py
[2022-07-28 13:47:13,709] {processor.py:641} INFO - Processing file /home/airflow/.local/lib/python3.7/site-packages/airflow/example_dags/example_branch_operator.py for tasks to queue
[2022-07-28 13:47:13,710] {logging_mixin.py:115} INFO - [2022-07-28 13:47:13,710] {dagbag.py:508} INFO - Filling up the DagBag from /home/airflow/.local/lib/python3.7/site-packages/airflow/example_dags/example_branch_operator.py
[2022-07-28 13:47:13,735] {processor.py:651} INFO - DAG(s) dict_keys(['example_branch_operator']) retrieved from /home/airflow/.local/lib/python3.7/site-packages/airflow/example_dags/example_branch_operator.py
[2022-07-28 13:47:13,869] {logging_mixin.py:115} INFO - [2022-07-28 13:47:13,869] {manager.py:508} INFO - Created Permission View: can read on DAG:example_branch_operator
[2022-07-28 13:47:13,883] {logging_mixin.py:115} INFO - [2022-07-28 13:47:13,883] {manager.py:508} INFO - Created Permission View: can delete on DAG:example_branch_operator
[2022-07-28 13:47:13,905] {logging_mixin.py:115} INFO - [2022-07-28 13:47:13,905] {manager.py:508} INFO - Created Permission View: can edit on DAG:example_branch_operator
[2022-07-28 13:47:13,906] {logging_mixin.py:115} INFO - [2022-07-28 13:47:13,906] {dag.py:2420} INFO - Sync 1 DAGs
[2022-07-28 13:47:13,943] {logging_mixin.py:115} INFO - [2022-07-28 13:47:13,942] {dag.py:2439} INFO - Creating ORM DAG for example_branch_operator
[2022-07-28 13:47:13,999] {logging_mixin.py:115} INFO - [2022-07-28 13:47:13,999] {dag.py:2972} INFO - Setting next_dagrun for example_branch_operator to 2022-07-27T00:00:00+00:00, run_after=2022-07-28T00:00:00+00:00
[2022-07-28 13:47:14,054] {processor.py:161} INFO - Processing /home/airflow/.local/lib/python3.7/site-packages/airflow/example_dags/example_branch_operator.py took 0.350 seconds
[2022-07-28 13:47:44,487] {processor.py:153} INFO - Started process (PID=101) to work on /home/airflow/.local/lib/python3.7/site-packages/airflow/example_dags/example_branch_operator.py
[2022-07-28 13:47:44,488] {processor.py:641} INFO - Processing file /home/airflow/.local/lib/python3.7/site-packages/airflow/example_dags/example_branch_operator.py for tasks to queue
[2022-07-28 13:47:44,488] {logging_mixin.py:115} INFO - [2022-07-28 13:47:44,488] {dagbag.py:508} INFO - Filling up the DagBag from /home/airflow/.local/lib/python3.7/site-packages/airflow/example_dags/example_branch_operator.py
[2022-07-28 13:47:44,503] {processor.py:651} INFO - DAG(s) dict_keys(['example_branch_operator']) retrieved from /home/airflow/.local/lib/python3.7/site-packages/airflow/example_dags/example_branch_operator.py
[2022-07-28 13:47:44,536] {logging_mixin.py:115} INFO - [2022-07-28 13:47:44,536] {dag.py:2420} INFO - Sync 1 DAGs
[2022-07-28 13:47:44,571] {logging_mixin.py:115} INFO - [2022-07-28 13:47:44,570] {dag.py:2972} INFO - Setting next_dagrun for example_branch_operator to 2022-07-27T00:00:00+00:00, run_after=2022-07-28T00:00:00+00:00
[2022-07-28 13:47:44,585] {processor.py:161} INFO - Processing /home/airflow/.local/lib/python3.7/site-packages/airflow/example_dags/example_branch_operator.py took 0.102 seconds
[2022-07-28 13:48:14,933] {processor.py:153} INFO - Started process (PID=162) to work on /home/airflow/.local/lib/python3.7/site-packages/airflow/example_dags/example_branch_operator.py
[2022-07-28 13:48:14,934] {processor.py:641} INFO - Processing file /home/airflow/.local/lib/python3.7/site-packages/airflow/example_dags/example_branch_operator.py for tasks to queue
[2022-07-28 13:48:14,935] {logging_mixin.py:115} INFO - [2022-07-28 13:48:14,934] {dagbag.py:508} INFO - Filling up the DagBag from /home/airflow/.local/lib/python3.7/site-packages/airflow/example_dags/example_branch_operator.py
[2022-07-28 13:48:14,949] {processor.py:651} INFO - DAG(s) dict_keys(['example_branch_operator']) retrieved from /home/airflow/.local/lib/python3.7/site-packages/airflow/example_dags/example_branch_operator.py
[2022-07-28 13:48:14,983] {logging_mixin.py:115} INFO - [2022-07-28 13:48:14,983] {dag.py:2420} INFO - Sync 1 DAGs
[2022-07-28 13:48:15,018] {logging_mixin.py:115} INFO - [2022-07-28 13:48:15,017] {dag.py:2972} INFO - Setting next_dagrun for example_branch_operator to 2022-07-27T00:00:00+00:00, run_after=2022-07-28T00:00:00+00:00
[2022-07-28 13:48:15,032] {processor.py:161} INFO - Processing /home/airflow/.local/lib/python3.7/site-packages/airflow/example_dags/example_branch_operator.py took 0.102 seconds
[2022-07-28 13:48:45,260] {processor.py:153} INFO - Started process (PID=213) to work on /home/airflow/.local/lib/python3.7/site-packages/airflow/example_dags/example_branch_operator.py
[2022-07-28 13:48:45,261] {processor.py:641} INFO - Processing file /home/airflow/.local/lib/python3.7/site-packages/airflow/example_dags/example_branch_operator.py for tasks to queue
[2022-07-28 13:48:45,262] {logging_mixin.py:115} INFO - [2022-07-28 13:48:45,262] {dagbag.py:508} INFO - Filling up the DagBag from /home/airflow/.local/lib/python3.7/site-packages/airflow/example_dags/example_branch_operator.py
[2022-07-28 13:48:45,280] {processor.py:651} INFO - DAG(s) dict_keys(['example_branch_operator']) retrieved from /home/airflow/.local/lib/python3.7/site-packages/airflow/example_dags/example_branch_operator.py
[2022-07-28 13:48:45,315] {logging_mixin.py:115} INFO - [2022-07-28 13:48:45,315] {dag.py:2420} INFO - Sync 1 DAGs
[2022-07-28 13:48:45,351] {logging_mixin.py:115} INFO - [2022-07-28 13:48:45,350] {dag.py:2972} INFO - Setting next_dagrun for example_branch_operator to 2022-07-27T00:00:00+00:00, run_after=2022-07-28T00:00:00+00:00
[2022-07-28 13:48:45,365] {processor.py:161} INFO - Processing /home/airflow/.local/lib/python3.7/site-packages/airflow/example_dags/example_branch_operator.py took 0.108 seconds
[2022-07-28 13:49:15,678] {processor.py:153} INFO - Started process (PID=274) to work on /home/airflow/.local/lib/python3.7/site-packages/airflow/example_dags/example_branch_operator.py
[2022-07-28 13:49:15,680] {processor.py:641} INFO - Processing file /home/airflow/.local/lib/python3.7/site-packages/airflow/example_dags/example_branch_operator.py for tasks to queue
[2022-07-28 13:49:15,680] {logging_mixin.py:115} INFO - [2022-07-28 13:49:15,680] {dagbag.py:508} INFO - Filling up the DagBag from /home/airflow/.local/lib/python3.7/site-packages/airflow/example_dags/example_branch_operator.py
[2022-07-28 13:49:15,699] {processor.py:651} INFO - DAG(s) dict_keys(['example_branch_operator']) retrieved from /home/airflow/.local/lib/python3.7/site-packages/airflow/example_dags/example_branch_operator.py
[2022-07-28 13:49:15,751] {logging_mixin.py:115} INFO - [2022-07-28 13:49:15,751] {dag.py:2420} INFO - Sync 1 DAGs
[2022-07-28 13:49:15,787] {logging_mixin.py:115} INFO - [2022-07-28 13:49:15,787] {dag.py:2972} INFO - Setting next_dagrun for example_branch_operator to 2022-07-27T00:00:00+00:00, run_after=2022-07-28T00:00:00+00:00
[2022-07-28 13:49:15,803] {processor.py:161} INFO - Processing /home/airflow/.local/lib/python3.7/site-packages/airflow/example_dags/example_branch_operator.py took 0.132 seconds
[2022-07-28 13:49:46,060] {processor.py:153} INFO - Started process (PID=325) to work on /home/airflow/.local/lib/python3.7/site-packages/airflow/example_dags/example_branch_operator.py
[2022-07-28 13:49:46,061] {processor.py:641} INFO - Processing file /home/airflow/.local/lib/python3.7/site-packages/airflow/example_dags/example_branch_operator.py for tasks to queue
[2022-07-28 13:49:46,061] {logging_mixin.py:115} INFO - [2022-07-28 13:49:46,061] {dagbag.py:508} INFO - Filling up the DagBag from /home/airflow/.local/lib/python3.7/site-packages/airflow/example_dags/example_branch_operator.py
[2022-07-28 13:49:46,078] {processor.py:651} INFO - DAG(s) dict_keys(['example_branch_operator']) retrieved from /home/airflow/.local/lib/python3.7/site-packages/airflow/example_dags/example_branch_operator.py
[2022-07-28 13:49:46,109] {logging_mixin.py:115} INFO - [2022-07-28 13:49:46,109] {dag.py:2420} INFO - Sync 1 DAGs
[2022-07-28 13:49:46,160] {logging_mixin.py:115} INFO - [2022-07-28 13:49:46,160] {dag.py:2972} INFO - Setting next_dagrun for example_branch_operator to 2022-07-27T00:00:00+00:00, run_after=2022-07-28T00:00:00+00:00
[2022-07-28 13:49:46,174] {processor.py:161} INFO - Processing /home/airflow/.local/lib/python3.7/site-packages/airflow/example_dags/example_branch_operator.py took 0.117 seconds
