[2022-07-28 13:47:13,423] {processor.py:153} INFO - Started process (PID=48) to work on /home/airflow/.local/lib/python3.7/site-packages/airflow/example_dags/example_latest_only_with_trigger.py
[2022-07-28 13:47:13,424] {processor.py:641} INFO - Processing file /home/airflow/.local/lib/python3.7/site-packages/airflow/example_dags/example_latest_only_with_trigger.py for tasks to queue
[2022-07-28 13:47:13,425] {logging_mixin.py:115} INFO - [2022-07-28 13:47:13,425] {dagbag.py:508} INFO - Filling up the DagBag from /home/airflow/.local/lib/python3.7/site-packages/airflow/example_dags/example_latest_only_with_trigger.py
[2022-07-28 13:47:13,435] {processor.py:651} INFO - DAG(s) dict_keys(['latest_only_with_trigger']) retrieved from /home/airflow/.local/lib/python3.7/site-packages/airflow/example_dags/example_latest_only_with_trigger.py
[2022-07-28 13:47:13,579] {logging_mixin.py:115} INFO - [2022-07-28 13:47:13,579] {manager.py:508} INFO - Created Permission View: can read on DAG:latest_only_with_trigger
[2022-07-28 13:47:13,645] {logging_mixin.py:115} INFO - [2022-07-28 13:47:13,645] {manager.py:508} INFO - Created Permission View: can delete on DAG:latest_only_with_trigger
[2022-07-28 13:47:13,691] {logging_mixin.py:115} INFO - [2022-07-28 13:47:13,691] {manager.py:508} INFO - Created Permission View: can edit on DAG:latest_only_with_trigger
[2022-07-28 13:47:13,691] {logging_mixin.py:115} INFO - [2022-07-28 13:47:13,691] {dag.py:2420} INFO - Sync 1 DAGs
[2022-07-28 13:47:13,712] {logging_mixin.py:115} INFO - [2022-07-28 13:47:13,712] {dag.py:2439} INFO - Creating ORM DAG for latest_only_with_trigger
[2022-07-28 13:47:13,738] {logging_mixin.py:115} INFO - [2022-07-28 13:47:13,738] {dag.py:2972} INFO - Setting next_dagrun for latest_only_with_trigger to 2022-07-28T09:47:13.738042+00:00, run_after=2022-07-28T13:47:13.738042+00:00
[2022-07-28 13:47:13,778] {processor.py:161} INFO - Processing /home/airflow/.local/lib/python3.7/site-packages/airflow/example_dags/example_latest_only_with_trigger.py took 0.358 seconds
[2022-07-28 13:47:44,431] {processor.py:153} INFO - Started process (PID=100) to work on /home/airflow/.local/lib/python3.7/site-packages/airflow/example_dags/example_latest_only_with_trigger.py
[2022-07-28 13:47:44,432] {processor.py:641} INFO - Processing file /home/airflow/.local/lib/python3.7/site-packages/airflow/example_dags/example_latest_only_with_trigger.py for tasks to queue
[2022-07-28 13:47:44,433] {logging_mixin.py:115} INFO - [2022-07-28 13:47:44,432] {dagbag.py:508} INFO - Filling up the DagBag from /home/airflow/.local/lib/python3.7/site-packages/airflow/example_dags/example_latest_only_with_trigger.py
[2022-07-28 13:47:44,440] {processor.py:651} INFO - DAG(s) dict_keys(['latest_only_with_trigger']) retrieved from /home/airflow/.local/lib/python3.7/site-packages/airflow/example_dags/example_latest_only_with_trigger.py
[2022-07-28 13:47:44,471] {logging_mixin.py:115} INFO - [2022-07-28 13:47:44,471] {dag.py:2420} INFO - Sync 1 DAGs
[2022-07-28 13:47:44,504] {logging_mixin.py:115} INFO - [2022-07-28 13:47:44,504] {dag.py:2972} INFO - Setting next_dagrun for latest_only_with_trigger to 2022-07-28T09:47:44.504364+00:00, run_after=2022-07-28T13:47:44.504364+00:00
[2022-07-28 13:47:44,519] {processor.py:161} INFO - Processing /home/airflow/.local/lib/python3.7/site-packages/airflow/example_dags/example_latest_only_with_trigger.py took 0.091 seconds
[2022-07-28 13:48:14,874] {processor.py:153} INFO - Started process (PID=161) to work on /home/airflow/.local/lib/python3.7/site-packages/airflow/example_dags/example_latest_only_with_trigger.py
[2022-07-28 13:48:14,874] {processor.py:641} INFO - Processing file /home/airflow/.local/lib/python3.7/site-packages/airflow/example_dags/example_latest_only_with_trigger.py for tasks to queue
[2022-07-28 13:48:14,875] {logging_mixin.py:115} INFO - [2022-07-28 13:48:14,875] {dagbag.py:508} INFO - Filling up the DagBag from /home/airflow/.local/lib/python3.7/site-packages/airflow/example_dags/example_latest_only_with_trigger.py
[2022-07-28 13:48:14,883] {processor.py:651} INFO - DAG(s) dict_keys(['latest_only_with_trigger']) retrieved from /home/airflow/.local/lib/python3.7/site-packages/airflow/example_dags/example_latest_only_with_trigger.py
[2022-07-28 13:48:14,916] {logging_mixin.py:115} INFO - [2022-07-28 13:48:14,916] {dag.py:2420} INFO - Sync 1 DAGs
[2022-07-28 13:48:14,949] {logging_mixin.py:115} INFO - [2022-07-28 13:48:14,949] {dag.py:2972} INFO - Setting next_dagrun for latest_only_with_trigger to 2022-07-28T09:48:14.949309+00:00, run_after=2022-07-28T13:48:14.949309+00:00
[2022-07-28 13:48:14,965] {processor.py:161} INFO - Processing /home/airflow/.local/lib/python3.7/site-packages/airflow/example_dags/example_latest_only_with_trigger.py took 0.095 seconds
[2022-07-28 13:48:45,142] {processor.py:153} INFO - Started process (PID=212) to work on /home/airflow/.local/lib/python3.7/site-packages/airflow/example_dags/example_latest_only_with_trigger.py
[2022-07-28 13:48:45,142] {processor.py:641} INFO - Processing file /home/airflow/.local/lib/python3.7/site-packages/airflow/example_dags/example_latest_only_with_trigger.py for tasks to queue
[2022-07-28 13:48:45,143] {logging_mixin.py:115} INFO - [2022-07-28 13:48:45,143] {dagbag.py:508} INFO - Filling up the DagBag from /home/airflow/.local/lib/python3.7/site-packages/airflow/example_dags/example_latest_only_with_trigger.py
[2022-07-28 13:48:45,153] {processor.py:651} INFO - DAG(s) dict_keys(['latest_only_with_trigger']) retrieved from /home/airflow/.local/lib/python3.7/site-packages/airflow/example_dags/example_latest_only_with_trigger.py
[2022-07-28 13:48:45,198] {logging_mixin.py:115} INFO - [2022-07-28 13:48:45,198] {dag.py:2420} INFO - Sync 1 DAGs
[2022-07-28 13:48:45,234] {logging_mixin.py:115} INFO - [2022-07-28 13:48:45,234] {dag.py:2972} INFO - Setting next_dagrun for latest_only_with_trigger to 2022-07-28T09:48:45.234332+00:00, run_after=2022-07-28T13:48:45.234332+00:00
[2022-07-28 13:48:45,250] {processor.py:161} INFO - Processing /home/airflow/.local/lib/python3.7/site-packages/airflow/example_dags/example_latest_only_with_trigger.py took 0.112 seconds
[2022-07-28 13:49:15,598] {processor.py:153} INFO - Started process (PID=273) to work on /home/airflow/.local/lib/python3.7/site-packages/airflow/example_dags/example_latest_only_with_trigger.py
[2022-07-28 13:49:15,599] {processor.py:641} INFO - Processing file /home/airflow/.local/lib/python3.7/site-packages/airflow/example_dags/example_latest_only_with_trigger.py for tasks to queue
[2022-07-28 13:49:15,603] {logging_mixin.py:115} INFO - [2022-07-28 13:49:15,603] {dagbag.py:508} INFO - Filling up the DagBag from /home/airflow/.local/lib/python3.7/site-packages/airflow/example_dags/example_latest_only_with_trigger.py
[2022-07-28 13:49:15,619] {processor.py:651} INFO - DAG(s) dict_keys(['latest_only_with_trigger']) retrieved from /home/airflow/.local/lib/python3.7/site-packages/airflow/example_dags/example_latest_only_with_trigger.py
[2022-07-28 13:49:15,671] {logging_mixin.py:115} INFO - [2022-07-28 13:49:15,671] {dag.py:2420} INFO - Sync 1 DAGs
[2022-07-28 13:49:15,715] {logging_mixin.py:115} INFO - [2022-07-28 13:49:15,715] {dag.py:2972} INFO - Setting next_dagrun for latest_only_with_trigger to 2022-07-28T09:49:15.714646+00:00, run_after=2022-07-28T13:49:15.714646+00:00
[2022-07-28 13:49:15,734] {processor.py:161} INFO - Processing /home/airflow/.local/lib/python3.7/site-packages/airflow/example_dags/example_latest_only_with_trigger.py took 0.143 seconds
[2022-07-28 13:49:46,010] {processor.py:153} INFO - Started process (PID=324) to work on /home/airflow/.local/lib/python3.7/site-packages/airflow/example_dags/example_latest_only_with_trigger.py
[2022-07-28 13:49:46,011] {processor.py:641} INFO - Processing file /home/airflow/.local/lib/python3.7/site-packages/airflow/example_dags/example_latest_only_with_trigger.py for tasks to queue
[2022-07-28 13:49:46,011] {logging_mixin.py:115} INFO - [2022-07-28 13:49:46,011] {dagbag.py:508} INFO - Filling up the DagBag from /home/airflow/.local/lib/python3.7/site-packages/airflow/example_dags/example_latest_only_with_trigger.py
[2022-07-28 13:49:46,018] {processor.py:651} INFO - DAG(s) dict_keys(['latest_only_with_trigger']) retrieved from /home/airflow/.local/lib/python3.7/site-packages/airflow/example_dags/example_latest_only_with_trigger.py
[2022-07-28 13:49:46,049] {logging_mixin.py:115} INFO - [2022-07-28 13:49:46,048] {dag.py:2420} INFO - Sync 1 DAGs
[2022-07-28 13:49:46,081] {logging_mixin.py:115} INFO - [2022-07-28 13:49:46,081] {dag.py:2972} INFO - Setting next_dagrun for latest_only_with_trigger to 2022-07-28T09:49:46.081468+00:00, run_after=2022-07-28T13:49:46.081468+00:00
[2022-07-28 13:49:46,096] {processor.py:161} INFO - Processing /home/airflow/.local/lib/python3.7/site-packages/airflow/example_dags/example_latest_only_with_trigger.py took 0.090 seconds
