[2022-07-28 13:47:17,969] {processor.py:153} INFO - Started process (PID=71) to work on /home/airflow/.local/lib/python3.7/site-packages/airflow/example_dags/example_sla_dag.py
[2022-07-28 13:47:17,969] {processor.py:641} INFO - Processing file /home/airflow/.local/lib/python3.7/site-packages/airflow/example_dags/example_sla_dag.py for tasks to queue
[2022-07-28 13:47:17,973] {logging_mixin.py:115} INFO - [2022-07-28 13:47:17,973] {dagbag.py:508} INFO - Filling up the DagBag from /home/airflow/.local/lib/python3.7/site-packages/airflow/example_dags/example_sla_dag.py
[2022-07-28 13:47:18,055] {processor.py:651} INFO - DAG(s) dict_keys(['example_sla_dag']) retrieved from /home/airflow/.local/lib/python3.7/site-packages/airflow/example_dags/example_sla_dag.py
[2022-07-28 13:47:18,617] {logging_mixin.py:115} INFO - [2022-07-28 13:47:18,617] {manager.py:508} INFO - Created Permission View: can read on DAG:example_sla_dag
[2022-07-28 13:47:18,875] {logging_mixin.py:115} INFO - [2022-07-28 13:47:18,875] {manager.py:508} INFO - Created Permission View: can delete on DAG:example_sla_dag
[2022-07-28 13:47:19,156] {logging_mixin.py:115} INFO - [2022-07-28 13:47:19,156] {manager.py:508} INFO - Created Permission View: can edit on DAG:example_sla_dag
[2022-07-28 13:47:19,156] {logging_mixin.py:115} INFO - [2022-07-28 13:47:19,156] {dag.py:2420} INFO - Sync 1 DAGs
[2022-07-28 13:47:19,186] {logging_mixin.py:115} INFO - [2022-07-28 13:47:19,186] {dag.py:2439} INFO - Creating ORM DAG for example_sla_dag
[2022-07-28 13:47:19,228] {logging_mixin.py:115} INFO - [2022-07-28 13:47:19,228] {dag.py:2972} INFO - Setting next_dagrun for example_sla_dag to 2022-07-28T13:44:00+00:00, run_after=2022-07-28T13:46:00+00:00
[2022-07-28 13:47:19,276] {processor.py:161} INFO - Processing /home/airflow/.local/lib/python3.7/site-packages/airflow/example_dags/example_sla_dag.py took 1.419 seconds
[2022-07-28 13:47:49,625] {processor.py:153} INFO - Started process (PID=125) to work on /home/airflow/.local/lib/python3.7/site-packages/airflow/example_dags/example_sla_dag.py
[2022-07-28 13:47:49,635] {processor.py:641} INFO - Processing file /home/airflow/.local/lib/python3.7/site-packages/airflow/example_dags/example_sla_dag.py for tasks to queue
[2022-07-28 13:47:49,636] {logging_mixin.py:115} INFO - [2022-07-28 13:47:49,636] {dagbag.py:508} INFO - Filling up the DagBag from /home/airflow/.local/lib/python3.7/site-packages/airflow/example_dags/example_sla_dag.py
[2022-07-28 13:47:49,660] {processor.py:651} INFO - DAG(s) dict_keys(['example_sla_dag']) retrieved from /home/airflow/.local/lib/python3.7/site-packages/airflow/example_dags/example_sla_dag.py
[2022-07-28 13:47:49,707] {logging_mixin.py:115} INFO - [2022-07-28 13:47:49,707] {dag.py:2420} INFO - Sync 1 DAGs
[2022-07-28 13:47:49,754] {logging_mixin.py:115} INFO - [2022-07-28 13:47:49,754] {dag.py:2972} INFO - Setting next_dagrun for example_sla_dag to 2022-07-28T13:44:00+00:00, run_after=2022-07-28T13:46:00+00:00
[2022-07-28 13:47:49,769] {processor.py:161} INFO - Processing /home/airflow/.local/lib/python3.7/site-packages/airflow/example_dags/example_sla_dag.py took 0.147 seconds
[2022-07-28 13:48:20,051] {processor.py:153} INFO - Started process (PID=177) to work on /home/airflow/.local/lib/python3.7/site-packages/airflow/example_dags/example_sla_dag.py
[2022-07-28 13:48:20,063] {processor.py:641} INFO - Processing file /home/airflow/.local/lib/python3.7/site-packages/airflow/example_dags/example_sla_dag.py for tasks to queue
[2022-07-28 13:48:20,064] {logging_mixin.py:115} INFO - [2022-07-28 13:48:20,064] {dagbag.py:508} INFO - Filling up the DagBag from /home/airflow/.local/lib/python3.7/site-packages/airflow/example_dags/example_sla_dag.py
[2022-07-28 13:48:20,089] {processor.py:651} INFO - DAG(s) dict_keys(['example_sla_dag']) retrieved from /home/airflow/.local/lib/python3.7/site-packages/airflow/example_dags/example_sla_dag.py
[2022-07-28 13:48:20,119] {logging_mixin.py:115} INFO - [2022-07-28 13:48:20,119] {dag.py:2420} INFO - Sync 1 DAGs
[2022-07-28 13:48:20,159] {logging_mixin.py:115} INFO - [2022-07-28 13:48:20,159] {dag.py:2972} INFO - Setting next_dagrun for example_sla_dag to 2022-07-28T13:46:00+00:00, run_after=2022-07-28T13:48:00+00:00
[2022-07-28 13:48:20,173] {processor.py:161} INFO - Processing /home/airflow/.local/lib/python3.7/site-packages/airflow/example_dags/example_sla_dag.py took 0.126 seconds
[2022-07-28 13:48:50,465] {processor.py:153} INFO - Started process (PID=237) to work on /home/airflow/.local/lib/python3.7/site-packages/airflow/example_dags/example_sla_dag.py
[2022-07-28 13:48:50,466] {processor.py:641} INFO - Processing file /home/airflow/.local/lib/python3.7/site-packages/airflow/example_dags/example_sla_dag.py for tasks to queue
[2022-07-28 13:48:50,467] {logging_mixin.py:115} INFO - [2022-07-28 13:48:50,467] {dagbag.py:508} INFO - Filling up the DagBag from /home/airflow/.local/lib/python3.7/site-packages/airflow/example_dags/example_sla_dag.py
[2022-07-28 13:48:50,489] {processor.py:651} INFO - DAG(s) dict_keys(['example_sla_dag']) retrieved from /home/airflow/.local/lib/python3.7/site-packages/airflow/example_dags/example_sla_dag.py
[2022-07-28 13:48:50,523] {logging_mixin.py:115} INFO - [2022-07-28 13:48:50,523] {dag.py:2420} INFO - Sync 1 DAGs
[2022-07-28 13:48:50,577] {logging_mixin.py:115} INFO - [2022-07-28 13:48:50,577] {dag.py:2972} INFO - Setting next_dagrun for example_sla_dag to 2022-07-28T13:46:00+00:00, run_after=2022-07-28T13:48:00+00:00
[2022-07-28 13:48:50,591] {processor.py:161} INFO - Processing /home/airflow/.local/lib/python3.7/site-packages/airflow/example_dags/example_sla_dag.py took 0.131 seconds
[2022-07-28 13:49:20,726] {processor.py:153} INFO - Started process (PID=289) to work on /home/airflow/.local/lib/python3.7/site-packages/airflow/example_dags/example_sla_dag.py
[2022-07-28 13:49:20,736] {processor.py:641} INFO - Processing file /home/airflow/.local/lib/python3.7/site-packages/airflow/example_dags/example_sla_dag.py for tasks to queue
[2022-07-28 13:49:20,737] {logging_mixin.py:115} INFO - [2022-07-28 13:49:20,736] {dagbag.py:508} INFO - Filling up the DagBag from /home/airflow/.local/lib/python3.7/site-packages/airflow/example_dags/example_sla_dag.py
[2022-07-28 13:49:20,758] {processor.py:651} INFO - DAG(s) dict_keys(['example_sla_dag']) retrieved from /home/airflow/.local/lib/python3.7/site-packages/airflow/example_dags/example_sla_dag.py
[2022-07-28 13:49:20,789] {logging_mixin.py:115} INFO - [2022-07-28 13:49:20,789] {dag.py:2420} INFO - Sync 1 DAGs
[2022-07-28 13:49:20,825] {logging_mixin.py:115} INFO - [2022-07-28 13:49:20,825] {dag.py:2972} INFO - Setting next_dagrun for example_sla_dag to 2022-07-28T13:46:00+00:00, run_after=2022-07-28T13:48:00+00:00
[2022-07-28 13:49:20,837] {processor.py:161} INFO - Processing /home/airflow/.local/lib/python3.7/site-packages/airflow/example_dags/example_sla_dag.py took 0.115 seconds
