[2022-07-28 13:47:17,065] {processor.py:153} INFO - Started process (PID=61) to work on /home/airflow/.local/lib/python3.7/site-packages/airflow/example_dags/example_trigger_controller_dag.py
[2022-07-28 13:47:17,066] {processor.py:641} INFO - Processing file /home/airflow/.local/lib/python3.7/site-packages/airflow/example_dags/example_trigger_controller_dag.py for tasks to queue
[2022-07-28 13:47:17,067] {logging_mixin.py:115} INFO - [2022-07-28 13:47:17,066] {dagbag.py:508} INFO - Filling up the DagBag from /home/airflow/.local/lib/python3.7/site-packages/airflow/example_dags/example_trigger_controller_dag.py
[2022-07-28 13:47:17,081] {processor.py:651} INFO - DAG(s) dict_keys(['example_trigger_controller_dag']) retrieved from /home/airflow/.local/lib/python3.7/site-packages/airflow/example_dags/example_trigger_controller_dag.py
[2022-07-28 13:47:17,341] {logging_mixin.py:115} INFO - [2022-07-28 13:47:17,341] {manager.py:508} INFO - Created Permission View: can read on DAG:example_trigger_controller_dag
[2022-07-28 13:47:17,426] {logging_mixin.py:115} INFO - [2022-07-28 13:47:17,426] {manager.py:508} INFO - Created Permission View: can delete on DAG:example_trigger_controller_dag
[2022-07-28 13:47:17,459] {logging_mixin.py:115} INFO - [2022-07-28 13:47:17,459] {manager.py:508} INFO - Created Permission View: can edit on DAG:example_trigger_controller_dag
[2022-07-28 13:47:17,459] {logging_mixin.py:115} INFO - [2022-07-28 13:47:17,459] {dag.py:2420} INFO - Sync 1 DAGs
[2022-07-28 13:47:17,504] {logging_mixin.py:115} INFO - [2022-07-28 13:47:17,503] {dag.py:2439} INFO - Creating ORM DAG for example_trigger_controller_dag
[2022-07-28 13:47:17,551] {logging_mixin.py:115} INFO - [2022-07-28 13:47:17,550] {dag.py:2972} INFO - Setting next_dagrun for example_trigger_controller_dag to 2021-01-01T00:00:00+00:00, run_after=2021-01-01T00:00:00+00:00
[2022-07-28 13:47:17,630] {processor.py:161} INFO - Processing /home/airflow/.local/lib/python3.7/site-packages/airflow/example_dags/example_trigger_controller_dag.py took 0.576 seconds
[2022-07-28 13:47:48,444] {processor.py:153} INFO - Started process (PID=122) to work on /home/airflow/.local/lib/python3.7/site-packages/airflow/example_dags/example_trigger_controller_dag.py
[2022-07-28 13:47:48,449] {processor.py:641} INFO - Processing file /home/airflow/.local/lib/python3.7/site-packages/airflow/example_dags/example_trigger_controller_dag.py for tasks to queue
[2022-07-28 13:47:48,450] {logging_mixin.py:115} INFO - [2022-07-28 13:47:48,450] {dagbag.py:508} INFO - Filling up the DagBag from /home/airflow/.local/lib/python3.7/site-packages/airflow/example_dags/example_trigger_controller_dag.py
[2022-07-28 13:47:48,453] {processor.py:651} INFO - DAG(s) dict_keys(['example_trigger_controller_dag']) retrieved from /home/airflow/.local/lib/python3.7/site-packages/airflow/example_dags/example_trigger_controller_dag.py
[2022-07-28 13:47:48,515] {logging_mixin.py:115} INFO - [2022-07-28 13:47:48,515] {dag.py:2420} INFO - Sync 1 DAGs
[2022-07-28 13:47:48,573] {logging_mixin.py:115} INFO - [2022-07-28 13:47:48,573] {dag.py:2972} INFO - Setting next_dagrun for example_trigger_controller_dag to 2021-01-01T00:00:00+00:00, run_after=2021-01-01T00:00:00+00:00
[2022-07-28 13:47:48,595] {processor.py:161} INFO - Processing /home/airflow/.local/lib/python3.7/site-packages/airflow/example_dags/example_trigger_controller_dag.py took 0.155 seconds
[2022-07-28 13:48:18,943] {processor.py:153} INFO - Started process (PID=174) to work on /home/airflow/.local/lib/python3.7/site-packages/airflow/example_dags/example_trigger_controller_dag.py
[2022-07-28 13:48:18,955] {processor.py:641} INFO - Processing file /home/airflow/.local/lib/python3.7/site-packages/airflow/example_dags/example_trigger_controller_dag.py for tasks to queue
[2022-07-28 13:48:18,956] {logging_mixin.py:115} INFO - [2022-07-28 13:48:18,956] {dagbag.py:508} INFO - Filling up the DagBag from /home/airflow/.local/lib/python3.7/site-packages/airflow/example_dags/example_trigger_controller_dag.py
[2022-07-28 13:48:18,959] {processor.py:651} INFO - DAG(s) dict_keys(['example_trigger_controller_dag']) retrieved from /home/airflow/.local/lib/python3.7/site-packages/airflow/example_dags/example_trigger_controller_dag.py
[2022-07-28 13:48:18,988] {logging_mixin.py:115} INFO - [2022-07-28 13:48:18,988] {dag.py:2420} INFO - Sync 1 DAGs
[2022-07-28 13:48:19,018] {logging_mixin.py:115} INFO - [2022-07-28 13:48:19,018] {dag.py:2972} INFO - Setting next_dagrun for example_trigger_controller_dag to 2021-01-01T00:00:00+00:00, run_after=2021-01-01T00:00:00+00:00
[2022-07-28 13:48:19,031] {processor.py:161} INFO - Processing /home/airflow/.local/lib/python3.7/site-packages/airflow/example_dags/example_trigger_controller_dag.py took 0.092 seconds
[2022-07-28 13:48:49,309] {processor.py:153} INFO - Started process (PID=234) to work on /home/airflow/.local/lib/python3.7/site-packages/airflow/example_dags/example_trigger_controller_dag.py
[2022-07-28 13:48:49,322] {processor.py:641} INFO - Processing file /home/airflow/.local/lib/python3.7/site-packages/airflow/example_dags/example_trigger_controller_dag.py for tasks to queue
[2022-07-28 13:48:49,323] {logging_mixin.py:115} INFO - [2022-07-28 13:48:49,322] {dagbag.py:508} INFO - Filling up the DagBag from /home/airflow/.local/lib/python3.7/site-packages/airflow/example_dags/example_trigger_controller_dag.py
[2022-07-28 13:48:49,330] {processor.py:651} INFO - DAG(s) dict_keys(['example_trigger_controller_dag']) retrieved from /home/airflow/.local/lib/python3.7/site-packages/airflow/example_dags/example_trigger_controller_dag.py
[2022-07-28 13:48:49,383] {logging_mixin.py:115} INFO - [2022-07-28 13:48:49,383] {dag.py:2420} INFO - Sync 1 DAGs
[2022-07-28 13:48:49,425] {logging_mixin.py:115} INFO - [2022-07-28 13:48:49,425] {dag.py:2972} INFO - Setting next_dagrun for example_trigger_controller_dag to 2021-01-01T00:00:00+00:00, run_after=2021-01-01T00:00:00+00:00
[2022-07-28 13:48:49,440] {processor.py:161} INFO - Processing /home/airflow/.local/lib/python3.7/site-packages/airflow/example_dags/example_trigger_controller_dag.py took 0.139 seconds
[2022-07-28 13:49:19,611] {processor.py:153} INFO - Started process (PID=286) to work on /home/airflow/.local/lib/python3.7/site-packages/airflow/example_dags/example_trigger_controller_dag.py
[2022-07-28 13:49:19,616] {processor.py:641} INFO - Processing file /home/airflow/.local/lib/python3.7/site-packages/airflow/example_dags/example_trigger_controller_dag.py for tasks to queue
[2022-07-28 13:49:19,616] {logging_mixin.py:115} INFO - [2022-07-28 13:49:19,616] {dagbag.py:508} INFO - Filling up the DagBag from /home/airflow/.local/lib/python3.7/site-packages/airflow/example_dags/example_trigger_controller_dag.py
[2022-07-28 13:49:19,620] {processor.py:651} INFO - DAG(s) dict_keys(['example_trigger_controller_dag']) retrieved from /home/airflow/.local/lib/python3.7/site-packages/airflow/example_dags/example_trigger_controller_dag.py
[2022-07-28 13:49:19,650] {logging_mixin.py:115} INFO - [2022-07-28 13:49:19,649] {dag.py:2420} INFO - Sync 1 DAGs
[2022-07-28 13:49:19,681] {logging_mixin.py:115} INFO - [2022-07-28 13:49:19,680] {dag.py:2972} INFO - Setting next_dagrun for example_trigger_controller_dag to 2021-01-01T00:00:00+00:00, run_after=2021-01-01T00:00:00+00:00
[2022-07-28 13:49:19,696] {processor.py:161} INFO - Processing /home/airflow/.local/lib/python3.7/site-packages/airflow/example_dags/example_trigger_controller_dag.py took 0.089 seconds
