[2022-07-28 13:47:17,671] {processor.py:153} INFO - Started process (PID=69) to work on /home/airflow/.local/lib/python3.7/site-packages/airflow/example_dags/example_local_kubernetes_executor.py
[2022-07-28 13:47:17,672] {processor.py:641} INFO - Processing file /home/airflow/.local/lib/python3.7/site-packages/airflow/example_dags/example_local_kubernetes_executor.py for tasks to queue
[2022-07-28 13:47:17,673] {logging_mixin.py:115} INFO - [2022-07-28 13:47:17,673] {dagbag.py:508} INFO - Filling up the DagBag from /home/airflow/.local/lib/python3.7/site-packages/airflow/example_dags/example_local_kubernetes_executor.py
[2022-07-28 13:47:17,767] {processor.py:651} INFO - DAG(s) dict_keys(['example_local_kubernetes_executor']) retrieved from /home/airflow/.local/lib/python3.7/site-packages/airflow/example_dags/example_local_kubernetes_executor.py
[2022-07-28 13:47:18,459] {logging_mixin.py:115} INFO - [2022-07-28 13:47:18,459] {manager.py:508} INFO - Created Permission View: can read on DAG:example_local_kubernetes_executor
[2022-07-28 13:47:18,589] {logging_mixin.py:115} INFO - [2022-07-28 13:47:18,588] {manager.py:508} INFO - Created Permission View: can delete on DAG:example_local_kubernetes_executor
[2022-07-28 13:47:18,841] {logging_mixin.py:115} INFO - [2022-07-28 13:47:18,841] {manager.py:508} INFO - Created Permission View: can edit on DAG:example_local_kubernetes_executor
[2022-07-28 13:47:18,841] {logging_mixin.py:115} INFO - [2022-07-28 13:47:18,841] {dag.py:2420} INFO - Sync 1 DAGs
[2022-07-28 13:47:18,891] {logging_mixin.py:115} INFO - [2022-07-28 13:47:18,890] {dag.py:2439} INFO - Creating ORM DAG for example_local_kubernetes_executor
[2022-07-28 13:47:18,925] {logging_mixin.py:115} INFO - [2022-07-28 13:47:18,925] {dag.py:2972} INFO - Setting next_dagrun for example_local_kubernetes_executor to None, run_after=None
[2022-07-28 13:47:19,173] {processor.py:161} INFO - Processing /home/airflow/.local/lib/python3.7/site-packages/airflow/example_dags/example_local_kubernetes_executor.py took 1.508 seconds
[2022-07-28 13:47:49,623] {processor.py:153} INFO - Started process (PID=124) to work on /home/airflow/.local/lib/python3.7/site-packages/airflow/example_dags/example_local_kubernetes_executor.py
[2022-07-28 13:47:49,635] {processor.py:641} INFO - Processing file /home/airflow/.local/lib/python3.7/site-packages/airflow/example_dags/example_local_kubernetes_executor.py for tasks to queue
[2022-07-28 13:47:49,636] {logging_mixin.py:115} INFO - [2022-07-28 13:47:49,636] {dagbag.py:508} INFO - Filling up the DagBag from /home/airflow/.local/lib/python3.7/site-packages/airflow/example_dags/example_local_kubernetes_executor.py
[2022-07-28 13:47:49,658] {processor.py:651} INFO - DAG(s) dict_keys(['example_local_kubernetes_executor']) retrieved from /home/airflow/.local/lib/python3.7/site-packages/airflow/example_dags/example_local_kubernetes_executor.py
[2022-07-28 13:47:49,696] {logging_mixin.py:115} INFO - [2022-07-28 13:47:49,695] {dag.py:2420} INFO - Sync 1 DAGs
[2022-07-28 13:47:49,734] {logging_mixin.py:115} INFO - [2022-07-28 13:47:49,734] {dag.py:2972} INFO - Setting next_dagrun for example_local_kubernetes_executor to None, run_after=None
[2022-07-28 13:47:49,751] {processor.py:161} INFO - Processing /home/airflow/.local/lib/python3.7/site-packages/airflow/example_dags/example_local_kubernetes_executor.py took 0.131 seconds
[2022-07-28 13:48:20,048] {processor.py:153} INFO - Started process (PID=176) to work on /home/airflow/.local/lib/python3.7/site-packages/airflow/example_dags/example_local_kubernetes_executor.py
[2022-07-28 13:48:20,049] {processor.py:641} INFO - Processing file /home/airflow/.local/lib/python3.7/site-packages/airflow/example_dags/example_local_kubernetes_executor.py for tasks to queue
[2022-07-28 13:48:20,049] {logging_mixin.py:115} INFO - [2022-07-28 13:48:20,049] {dagbag.py:508} INFO - Filling up the DagBag from /home/airflow/.local/lib/python3.7/site-packages/airflow/example_dags/example_local_kubernetes_executor.py
[2022-07-28 13:48:20,074] {processor.py:651} INFO - DAG(s) dict_keys(['example_local_kubernetes_executor']) retrieved from /home/airflow/.local/lib/python3.7/site-packages/airflow/example_dags/example_local_kubernetes_executor.py
[2022-07-28 13:48:20,105] {logging_mixin.py:115} INFO - [2022-07-28 13:48:20,105] {dag.py:2420} INFO - Sync 1 DAGs
[2022-07-28 13:48:20,137] {logging_mixin.py:115} INFO - [2022-07-28 13:48:20,137] {dag.py:2972} INFO - Setting next_dagrun for example_local_kubernetes_executor to None, run_after=None
[2022-07-28 13:48:20,153] {processor.py:161} INFO - Processing /home/airflow/.local/lib/python3.7/site-packages/airflow/example_dags/example_local_kubernetes_executor.py took 0.108 seconds
[2022-07-28 13:48:50,461] {processor.py:153} INFO - Started process (PID=236) to work on /home/airflow/.local/lib/python3.7/site-packages/airflow/example_dags/example_local_kubernetes_executor.py
[2022-07-28 13:48:50,462] {processor.py:641} INFO - Processing file /home/airflow/.local/lib/python3.7/site-packages/airflow/example_dags/example_local_kubernetes_executor.py for tasks to queue
[2022-07-28 13:48:50,463] {logging_mixin.py:115} INFO - [2022-07-28 13:48:50,463] {dagbag.py:508} INFO - Filling up the DagBag from /home/airflow/.local/lib/python3.7/site-packages/airflow/example_dags/example_local_kubernetes_executor.py
[2022-07-28 13:48:50,484] {processor.py:651} INFO - DAG(s) dict_keys(['example_local_kubernetes_executor']) retrieved from /home/airflow/.local/lib/python3.7/site-packages/airflow/example_dags/example_local_kubernetes_executor.py
[2022-07-28 13:48:50,522] {logging_mixin.py:115} INFO - [2022-07-28 13:48:50,522] {dag.py:2420} INFO - Sync 1 DAGs
[2022-07-28 13:48:50,573] {logging_mixin.py:115} INFO - [2022-07-28 13:48:50,573] {dag.py:2972} INFO - Setting next_dagrun for example_local_kubernetes_executor to None, run_after=None
[2022-07-28 13:48:50,588] {processor.py:161} INFO - Processing /home/airflow/.local/lib/python3.7/site-packages/airflow/example_dags/example_local_kubernetes_executor.py took 0.131 seconds
[2022-07-28 13:49:20,723] {processor.py:153} INFO - Started process (PID=288) to work on /home/airflow/.local/lib/python3.7/site-packages/airflow/example_dags/example_local_kubernetes_executor.py
[2022-07-28 13:49:20,736] {processor.py:641} INFO - Processing file /home/airflow/.local/lib/python3.7/site-packages/airflow/example_dags/example_local_kubernetes_executor.py for tasks to queue
[2022-07-28 13:49:20,737] {logging_mixin.py:115} INFO - [2022-07-28 13:49:20,736] {dagbag.py:508} INFO - Filling up the DagBag from /home/airflow/.local/lib/python3.7/site-packages/airflow/example_dags/example_local_kubernetes_executor.py
[2022-07-28 13:49:20,767] {processor.py:651} INFO - DAG(s) dict_keys(['example_local_kubernetes_executor']) retrieved from /home/airflow/.local/lib/python3.7/site-packages/airflow/example_dags/example_local_kubernetes_executor.py
[2022-07-28 13:49:20,801] {logging_mixin.py:115} INFO - [2022-07-28 13:49:20,801] {dag.py:2420} INFO - Sync 1 DAGs
[2022-07-28 13:49:20,831] {logging_mixin.py:115} INFO - [2022-07-28 13:49:20,831] {dag.py:2972} INFO - Setting next_dagrun for example_local_kubernetes_executor to None, run_after=None
[2022-07-28 13:49:20,846] {processor.py:161} INFO - Processing /home/airflow/.local/lib/python3.7/site-packages/airflow/example_dags/example_local_kubernetes_executor.py took 0.129 seconds
