[2022-07-28 13:47:22,404] {processor.py:153} INFO - Started process (PID=82) to work on /home/airflow/.local/lib/python3.7/site-packages/airflow/example_dags/tutorial_taskflow_api_etl.py
[2022-07-28 13:47:22,404] {processor.py:641} INFO - Processing file /home/airflow/.local/lib/python3.7/site-packages/airflow/example_dags/tutorial_taskflow_api_etl.py for tasks to queue
[2022-07-28 13:47:22,405] {logging_mixin.py:115} INFO - [2022-07-28 13:47:22,405] {dagbag.py:508} INFO - Filling up the DagBag from /home/airflow/.local/lib/python3.7/site-packages/airflow/example_dags/tutorial_taskflow_api_etl.py
[2022-07-28 13:47:22,517] {processor.py:651} INFO - DAG(s) dict_keys(['tutorial_taskflow_api_etl']) retrieved from /home/airflow/.local/lib/python3.7/site-packages/airflow/example_dags/tutorial_taskflow_api_etl.py
[2022-07-28 13:47:23,244] {logging_mixin.py:115} INFO - [2022-07-28 13:47:23,244] {manager.py:508} INFO - Created Permission View: can read on DAG:tutorial_taskflow_api_etl
[2022-07-28 13:47:23,290] {logging_mixin.py:115} INFO - [2022-07-28 13:47:23,290] {manager.py:508} INFO - Created Permission View: can delete on DAG:tutorial_taskflow_api_etl
[2022-07-28 13:47:23,303] {logging_mixin.py:115} INFO - [2022-07-28 13:47:23,303] {manager.py:508} INFO - Created Permission View: can edit on DAG:tutorial_taskflow_api_etl
[2022-07-28 13:47:23,304] {logging_mixin.py:115} INFO - [2022-07-28 13:47:23,304] {dag.py:2420} INFO - Sync 1 DAGs
[2022-07-28 13:47:23,342] {logging_mixin.py:115} INFO - [2022-07-28 13:47:23,342] {dag.py:2439} INFO - Creating ORM DAG for tutorial_taskflow_api_etl
[2022-07-28 13:47:23,400] {logging_mixin.py:115} INFO - [2022-07-28 13:47:23,400] {dag.py:2972} INFO - Setting next_dagrun for tutorial_taskflow_api_etl to None, run_after=None
[2022-07-28 13:47:23,473] {processor.py:161} INFO - Processing /home/airflow/.local/lib/python3.7/site-packages/airflow/example_dags/tutorial_taskflow_api_etl.py took 1.086 seconds
[2022-07-28 13:47:54,200] {processor.py:153} INFO - Started process (PID=134) to work on /home/airflow/.local/lib/python3.7/site-packages/airflow/example_dags/tutorial_taskflow_api_etl.py
[2022-07-28 13:47:54,201] {processor.py:641} INFO - Processing file /home/airflow/.local/lib/python3.7/site-packages/airflow/example_dags/tutorial_taskflow_api_etl.py for tasks to queue
[2022-07-28 13:47:54,201] {logging_mixin.py:115} INFO - [2022-07-28 13:47:54,201] {dagbag.py:508} INFO - Filling up the DagBag from /home/airflow/.local/lib/python3.7/site-packages/airflow/example_dags/tutorial_taskflow_api_etl.py
[2022-07-28 13:47:54,221] {processor.py:651} INFO - DAG(s) dict_keys(['tutorial_taskflow_api_etl']) retrieved from /home/airflow/.local/lib/python3.7/site-packages/airflow/example_dags/tutorial_taskflow_api_etl.py
[2022-07-28 13:47:54,325] {logging_mixin.py:115} INFO - [2022-07-28 13:47:54,325] {dag.py:2420} INFO - Sync 1 DAGs
[2022-07-28 13:47:54,354] {logging_mixin.py:115} INFO - [2022-07-28 13:47:54,354] {dag.py:2972} INFO - Setting next_dagrun for tutorial_taskflow_api_etl to None, run_after=None
[2022-07-28 13:47:54,371] {processor.py:161} INFO - Processing /home/airflow/.local/lib/python3.7/site-packages/airflow/example_dags/tutorial_taskflow_api_etl.py took 0.174 seconds
[2022-07-28 13:48:24,564] {processor.py:153} INFO - Started process (PID=194) to work on /home/airflow/.local/lib/python3.7/site-packages/airflow/example_dags/tutorial_taskflow_api_etl.py
[2022-07-28 13:48:24,564] {processor.py:641} INFO - Processing file /home/airflow/.local/lib/python3.7/site-packages/airflow/example_dags/tutorial_taskflow_api_etl.py for tasks to queue
[2022-07-28 13:48:24,565] {logging_mixin.py:115} INFO - [2022-07-28 13:48:24,564] {dagbag.py:508} INFO - Filling up the DagBag from /home/airflow/.local/lib/python3.7/site-packages/airflow/example_dags/tutorial_taskflow_api_etl.py
[2022-07-28 13:48:24,590] {processor.py:651} INFO - DAG(s) dict_keys(['tutorial_taskflow_api_etl']) retrieved from /home/airflow/.local/lib/python3.7/site-packages/airflow/example_dags/tutorial_taskflow_api_etl.py
[2022-07-28 13:48:24,691] {logging_mixin.py:115} INFO - [2022-07-28 13:48:24,690] {dag.py:2420} INFO - Sync 1 DAGs
[2022-07-28 13:48:24,720] {logging_mixin.py:115} INFO - [2022-07-28 13:48:24,720] {dag.py:2972} INFO - Setting next_dagrun for tutorial_taskflow_api_etl to None, run_after=None
[2022-07-28 13:48:24,736] {processor.py:161} INFO - Processing /home/airflow/.local/lib/python3.7/site-packages/airflow/example_dags/tutorial_taskflow_api_etl.py took 0.177 seconds
[2022-07-28 13:48:55,012] {processor.py:153} INFO - Started process (PID=246) to work on /home/airflow/.local/lib/python3.7/site-packages/airflow/example_dags/tutorial_taskflow_api_etl.py
[2022-07-28 13:48:55,021] {processor.py:641} INFO - Processing file /home/airflow/.local/lib/python3.7/site-packages/airflow/example_dags/tutorial_taskflow_api_etl.py for tasks to queue
[2022-07-28 13:48:55,022] {logging_mixin.py:115} INFO - [2022-07-28 13:48:55,022] {dagbag.py:508} INFO - Filling up the DagBag from /home/airflow/.local/lib/python3.7/site-packages/airflow/example_dags/tutorial_taskflow_api_etl.py
[2022-07-28 13:48:55,053] {processor.py:651} INFO - DAG(s) dict_keys(['tutorial_taskflow_api_etl']) retrieved from /home/airflow/.local/lib/python3.7/site-packages/airflow/example_dags/tutorial_taskflow_api_etl.py
[2022-07-28 13:48:55,091] {logging_mixin.py:115} INFO - [2022-07-28 13:48:55,091] {dag.py:2420} INFO - Sync 1 DAGs
[2022-07-28 13:48:55,132] {logging_mixin.py:115} INFO - [2022-07-28 13:48:55,132] {dag.py:2972} INFO - Setting next_dagrun for tutorial_taskflow_api_etl to None, run_after=None
[2022-07-28 13:48:55,150] {processor.py:161} INFO - Processing /home/airflow/.local/lib/python3.7/site-packages/airflow/example_dags/tutorial_taskflow_api_etl.py took 0.141 seconds
[2022-07-28 13:49:25,267] {processor.py:153} INFO - Started process (PID=304) to work on /home/airflow/.local/lib/python3.7/site-packages/airflow/example_dags/tutorial_taskflow_api_etl.py
[2022-07-28 13:49:25,268] {processor.py:641} INFO - Processing file /home/airflow/.local/lib/python3.7/site-packages/airflow/example_dags/tutorial_taskflow_api_etl.py for tasks to queue
[2022-07-28 13:49:25,268] {logging_mixin.py:115} INFO - [2022-07-28 13:49:25,268] {dagbag.py:508} INFO - Filling up the DagBag from /home/airflow/.local/lib/python3.7/site-packages/airflow/example_dags/tutorial_taskflow_api_etl.py
[2022-07-28 13:49:25,317] {processor.py:651} INFO - DAG(s) dict_keys(['tutorial_taskflow_api_etl']) retrieved from /home/airflow/.local/lib/python3.7/site-packages/airflow/example_dags/tutorial_taskflow_api_etl.py
[2022-07-28 13:49:25,458] {logging_mixin.py:115} INFO - [2022-07-28 13:49:25,458] {dag.py:2420} INFO - Sync 1 DAGs
[2022-07-28 13:49:25,497] {logging_mixin.py:115} INFO - [2022-07-28 13:49:25,497] {dag.py:2972} INFO - Setting next_dagrun for tutorial_taskflow_api_etl to None, run_after=None
[2022-07-28 13:49:25,515] {processor.py:161} INFO - Processing /home/airflow/.local/lib/python3.7/site-packages/airflow/example_dags/tutorial_taskflow_api_etl.py took 0.254 seconds
